2019-04-26 01:00:08.536  WARN 81323 --- [HikariPool-1 housekeeper] com.zaxxer.hikari.pool.HikariPool        : HikariPool-1 - Thread starvation or clock leap detected (housekeeper delta=1h47m42s781ms).
2019-04-26 02:48:21.347  WARN 81323 --- [HikariPool-1 housekeeper] com.zaxxer.hikari.pool.HikariPool        : HikariPool-1 - Thread starvation or clock leap detected (housekeeper delta=1h47m42s694ms).
2019-04-26 04:36:34.122  WARN 81323 --- [HikariPool-1 housekeeper] com.zaxxer.hikari.pool.HikariPool        : HikariPool-1 - Thread starvation or clock leap detected (housekeeper delta=1h47m42s612ms).
2019-04-26 06:24:33.264  WARN 81323 --- [HikariPool-1 housekeeper] com.zaxxer.hikari.pool.HikariPool        : HikariPool-1 - Thread starvation or clock leap detected (housekeeper delta=1h47m28s572ms).
2019-04-26 08:12:59.977  WARN 81323 --- [HikariPool-1 housekeeper] com.zaxxer.hikari.pool.HikariPool        : HikariPool-1 - Thread starvation or clock leap detected (housekeeper delta=1h46m56s604ms).
2019-04-26 09:30:19.798  WARN 81323 --- [HikariPool-1 housekeeper] com.zaxxer.hikari.pool.HikariPool        : HikariPool-1 - Thread starvation or clock leap detected (housekeeper delta=1h16m9s683ms).
2019-04-26 10:45:04.567  INFO 81323 --- [Thread-13] o.s.s.concurrent.ThreadPoolTaskExecutor  : Shutting down ExecutorService 'applicationTaskExecutor'
2019-04-26 10:45:04.596  INFO 81323 --- [Thread-13] j.LocalContainerEntityManagerFactoryBean : Closing JPA EntityManagerFactory for persistence unit 'default'
2019-04-26 10:45:04.624  INFO 81323 --- [Thread-13] .SchemaDropperImpl$DelayedDropActionImpl : HHH000477: Starting delayed evictData of schema as part of SessionFactory shut-down'
2019-04-26 10:45:04.817  INFO 81323 --- [Thread-13] o.s.b.f.support.DisposableBeanAdapter    : Invocation of destroy method failed on bean with name 'inMemoryDatabaseShutdownExecutor': org.h2.jdbc.JdbcSQLNonTransientConnectionException: Database is already closed (to disable automatic closing at VM shutdown, add ";DB_CLOSE_ON_EXIT=FALSE" to the db URL) [90121-199]
2019-04-26 10:45:04.828  INFO 81323 --- [Thread-13] com.zaxxer.hikari.HikariDataSource       : HikariPool-1 - Shutdown initiated...
2019-04-26 10:45:04.844  INFO 81323 --- [Thread-13] com.zaxxer.hikari.HikariDataSource       : HikariPool-1 - Shutdown completed.
2019-04-26 10:45:20.303  INFO 88527 --- [restartedMain] c.d.s.ServiceMesh1Application            : Starting ServiceMesh1Application on bogon with PID 88527 (/Users/xugao/Projects/IdeaProjects/service-mesh1/out/production/classes started by xugao in /Users/xugao/Projects/IdeaProjects/service-mesh1)
2019-04-26 10:45:20.309  INFO 88527 --- [restartedMain] c.d.s.ServiceMesh1Application            : No active profile set, falling back to default profiles: default
2019-04-26 10:45:20.414  INFO 88527 --- [restartedMain] .e.DevToolsPropertyDefaultsPostProcessor : Devtools property defaults active! Set 'spring.devtools.add-properties' to 'false' to disable
2019-04-26 10:45:20.414  INFO 88527 --- [restartedMain] .e.DevToolsPropertyDefaultsPostProcessor : For additional web related logging consider setting the 'logging.level.web' property to 'DEBUG'
2019-04-26 10:45:22.714  INFO 88527 --- [restartedMain] .s.d.r.c.RepositoryConfigurationDelegate : Bootstrapping Spring Data repositories in DEFAULT mode.
2019-04-26 10:45:22.769  INFO 88527 --- [restartedMain] .s.d.r.c.RepositoryConfigurationDelegate : Finished Spring Data repository scanning in 32ms. Found 0 repository interfaces.
2019-04-26 10:45:24.060  INFO 88527 --- [restartedMain] trationDelegate$BeanPostProcessorChecker : Bean 'org.springframework.transaction.annotation.ProxyTransactionManagementConfiguration' of type [org.springframework.transaction.annotation.ProxyTransactionManagementConfiguration$$EnhancerBySpringCGLIB$$f8e8ad69] is not eligible for getting processed by all BeanPostProcessors (for example: not eligible for auto-proxying)
2019-04-26 10:45:25.143  INFO 88527 --- [restartedMain] o.s.b.w.embedded.tomcat.TomcatWebServer  : Tomcat initialized with port(s): 8080 (http)
2019-04-26 10:45:25.193  INFO 88527 --- [restartedMain] o.apache.catalina.core.StandardService   : Starting service [Tomcat]
2019-04-26 10:45:25.194  INFO 88527 --- [restartedMain] org.apache.catalina.core.StandardEngine  : Starting Servlet engine: [Apache Tomcat/9.0.17]
2019-04-26 10:45:25.344  INFO 88527 --- [restartedMain] o.a.c.c.C.[.[.[/service-mesh1]           : Initializing Spring embedded WebApplicationContext
2019-04-26 10:45:25.345  INFO 88527 --- [restartedMain] o.s.web.context.ContextLoader            : Root WebApplicationContext: initialization completed in 4931 ms
2019-04-26 10:45:26.268  INFO 88527 --- [restartedMain] com.zaxxer.hikari.HikariDataSource       : HikariPool-1 - Starting...
2019-04-26 10:45:26.407  INFO 88527 --- [restartedMain] com.zaxxer.hikari.HikariDataSource       : HikariPool-1 - Start completed.
2019-04-26 10:45:26.496  INFO 88527 --- [restartedMain] o.hibernate.jpa.internal.util.LogHelper  : HHH000204: Processing PersistenceUnitInfo [
	name: default
	...]
2019-04-26 10:45:26.620  INFO 88527 --- [restartedMain] org.hibernate.Version                    : HHH000412: Hibernate Core {5.3.9.Final}
2019-04-26 10:45:26.622  INFO 88527 --- [restartedMain] org.hibernate.cfg.Environment            : HHH000206: hibernate.properties not found
2019-04-26 10:45:26.847  INFO 88527 --- [restartedMain] o.hibernate.annotations.common.Version   : HCANN000001: Hibernate Commons Annotations {5.0.4.Final}
2019-04-26 10:45:27.029  INFO 88527 --- [restartedMain] org.hibernate.dialect.Dialect            : HHH000400: Using dialect: org.hibernate.dialect.H2Dialect
2019-04-26 10:45:27.307  INFO 88527 --- [restartedMain] o.h.t.schema.internal.SchemaCreatorImpl  : HHH000476: Executing import script 'org.hibernate.tool.schema.internal.exec.ScriptSourceInputNonExistentImpl@6bc873ae'
2019-04-26 10:45:27.311  INFO 88527 --- [restartedMain] j.LocalContainerEntityManagerFactoryBean : Initialized JPA EntityManagerFactory for persistence unit 'default'
2019-04-26 10:45:27.415  INFO 88527 --- [restartedMain] o.s.b.d.a.OptionalLiveReloadServer       : LiveReload server is running on port 35729
2019-04-26 10:45:28.049  INFO 88527 --- [restartedMain] o.s.s.concurrent.ThreadPoolTaskExecutor  : Initializing ExecutorService 'applicationTaskExecutor'
2019-04-26 10:45:28.139  WARN 88527 --- [restartedMain] aWebConfiguration$JpaWebMvcConfiguration : spring.jpa.open-in-view is enabled by default. Therefore, database queries may be performed during view rendering. Explicitly configure spring.jpa.open-in-view to disable this warning
2019-04-26 10:45:28.830  INFO 88527 --- [restartedMain] o.s.b.a.e.web.EndpointLinksResolver      : Exposing 2 endpoint(s) beneath base path '/actuator'
2019-04-26 10:45:29.019  INFO 88527 --- [restartedMain] o.s.b.w.embedded.tomcat.TomcatWebServer  : Tomcat started on port(s): 8080 (http) with context path '/service-mesh1'
2019-04-26 10:45:29.024  INFO 88527 --- [restartedMain] c.d.s.ServiceMesh1Application            : Started ServiceMesh1Application in 9.722 seconds (JVM running for 11.341)
2019-04-26 10:52:08.283  INFO 88527 --- [http-nio-8080-exec-2] o.a.c.c.C.[.[.[/service-mesh1]           : Initializing Spring DispatcherServlet 'dispatcherServlet'
2019-04-26 10:52:08.288  INFO 88527 --- [http-nio-8080-exec-2] o.s.web.servlet.DispatcherServlet        : Initializing Servlet 'dispatcherServlet'
2019-04-26 10:52:08.330  INFO 88527 --- [http-nio-8080-exec-2] o.s.web.servlet.DispatcherServlet        : Completed initialization in 42 ms
2019-04-26 10:52:08.532  INFO 88527 --- [http-nio-8080-exec-2] com.demo.servicemesh1.aop.WebLogAspect   : ========================================== Start ==========================================
2019-04-26 10:52:08.533  INFO 88527 --- [http-nio-8080-exec-2] com.demo.servicemesh1.aop.WebLogAspect   : URL            : http://localhost:8080/service-mesh1/
2019-04-26 10:52:08.534  INFO 88527 --- [http-nio-8080-exec-2] com.demo.servicemesh1.aop.WebLogAspect   : HTTP Method    : GET
2019-04-26 10:52:08.537  INFO 88527 --- [http-nio-8080-exec-2] com.demo.servicemesh1.aop.WebLogAspect   : Class Method   : com.demo.servicemesh1.controller.Index.index
2019-04-26 10:52:08.537  INFO 88527 --- [http-nio-8080-exec-2] com.demo.servicemesh1.aop.WebLogAspect   : IP             : 0:0:0:0:0:0:0:1
2019-04-26 10:52:08.546  INFO 88527 --- [http-nio-8080-exec-2] com.demo.servicemesh1.aop.WebLogAspect   : Request Args   : []
2019-04-26 10:52:09.040  INFO 88527 --- [http-nio-8080-exec-2] okhttp3.OkHttpClient                     : --> GET http://service-mesh2:8081/service-mesh2/
2019-04-26 10:52:09.041  INFO 88527 --- [http-nio-8080-exec-2] okhttp3.OkHttpClient                     : --> END GET
2019-04-26 10:52:09.117  INFO 88527 --- [http-nio-8080-exec-2] okhttp3.OkHttpClient                     : <-- HTTP FAILED: java.net.UnknownHostException: service-mesh2: nodename nor servname provided, or not known
2019-04-26 10:52:09.132  INFO 88527 --- [http-nio-8080-exec-2] com.demo.servicemesh1.aop.WebLogAspect   : Response Args  : {"result":"service-mesh1","status":200,"timestamp":1556247129124}
2019-04-26 10:52:09.132  INFO 88527 --- [http-nio-8080-exec-2] com.demo.servicemesh1.aop.WebLogAspect   : Time-Consuming : 600 ms
2019-04-26 10:52:09.132  INFO 88527 --- [http-nio-8080-exec-2] com.demo.servicemesh1.aop.WebLogAspect   : =========================================== End ===========================================
2019-04-26 10:52:09.132  INFO 88527 --- [http-nio-8080-exec-2] com.demo.servicemesh1.aop.WebLogAspect   : 
2019-04-26 10:57:54.629  INFO 88527 --- [Thread-9] o.s.s.concurrent.ThreadPoolTaskExecutor  : Shutting down ExecutorService 'applicationTaskExecutor'
2019-04-26 10:57:54.634  INFO 88527 --- [Thread-9] j.LocalContainerEntityManagerFactoryBean : Closing JPA EntityManagerFactory for persistence unit 'default'
2019-04-26 10:57:54.639  INFO 88527 --- [Thread-9] .SchemaDropperImpl$DelayedDropActionImpl : HHH000477: Starting delayed evictData of schema as part of SessionFactory shut-down'
2019-04-26 10:57:54.675  INFO 88527 --- [Thread-9] o.s.b.f.support.DisposableBeanAdapter    : Invocation of destroy method failed on bean with name 'inMemoryDatabaseShutdownExecutor': org.h2.jdbc.JdbcSQLNonTransientConnectionException: Database is already closed (to disable automatic closing at VM shutdown, add ";DB_CLOSE_ON_EXIT=FALSE" to the db URL) [90121-199]
2019-04-26 10:57:54.678  INFO 88527 --- [Thread-9] com.zaxxer.hikari.HikariDataSource       : HikariPool-1 - Shutdown initiated...
2019-04-26 10:57:54.685  INFO 88527 --- [Thread-9] com.zaxxer.hikari.HikariDataSource       : HikariPool-1 - Shutdown completed.
2019-04-26 10:57:55.093  INFO 88527 --- [restartedMain] c.d.s.ServiceMesh1Application            : Starting ServiceMesh1Application on bogon with PID 88527 (/Users/xugao/Projects/IdeaProjects/service-mesh1/out/production/classes started by xugao in /Users/xugao/Projects/IdeaProjects/service-mesh1)
2019-04-26 10:57:55.093  INFO 88527 --- [restartedMain] c.d.s.ServiceMesh1Application            : No active profile set, falling back to default profiles: default
2019-04-26 10:57:55.977  INFO 88527 --- [restartedMain] .s.d.r.c.RepositoryConfigurationDelegate : Bootstrapping Spring Data repositories in DEFAULT mode.
2019-04-26 10:57:55.988  INFO 88527 --- [restartedMain] .s.d.r.c.RepositoryConfigurationDelegate : Finished Spring Data repository scanning in 11ms. Found 0 repository interfaces.
2019-04-26 10:57:56.212  INFO 88527 --- [restartedMain] trationDelegate$BeanPostProcessorChecker : Bean 'org.springframework.transaction.annotation.ProxyTransactionManagementConfiguration' of type [org.springframework.transaction.annotation.ProxyTransactionManagementConfiguration$$EnhancerBySpringCGLIB$$f8e8ad69] is not eligible for getting processed by all BeanPostProcessors (for example: not eligible for auto-proxying)
2019-04-26 10:57:56.380  INFO 88527 --- [restartedMain] o.s.b.w.embedded.tomcat.TomcatWebServer  : Tomcat initialized with port(s): 8080 (http)
2019-04-26 10:57:56.405  INFO 88527 --- [restartedMain] o.apache.catalina.core.StandardService   : Starting service [Tomcat]
2019-04-26 10:57:56.406  INFO 88527 --- [restartedMain] org.apache.catalina.core.StandardEngine  : Starting Servlet engine: [Apache Tomcat/9.0.17]
2019-04-26 10:57:56.451  INFO 88527 --- [restartedMain] o.a.c.c.C.[.[.[/service-mesh1]           : Initializing Spring embedded WebApplicationContext
2019-04-26 10:57:56.451  INFO 88527 --- [restartedMain] o.s.web.context.ContextLoader            : Root WebApplicationContext: initialization completed in 1354 ms
2019-04-26 10:57:57.213  INFO 88527 --- [restartedMain] com.zaxxer.hikari.HikariDataSource       : HikariPool-2 - Starting...
2019-04-26 10:57:57.232  INFO 88527 --- [restartedMain] com.zaxxer.hikari.HikariDataSource       : HikariPool-2 - Start completed.
2019-04-26 10:57:57.264  INFO 88527 --- [restartedMain] o.hibernate.jpa.internal.util.LogHelper  : HHH000204: Processing PersistenceUnitInfo [
	name: default
	...]
2019-04-26 10:57:57.317  INFO 88527 --- [restartedMain] org.hibernate.dialect.Dialect            : HHH000400: Using dialect: org.hibernate.dialect.H2Dialect
2019-04-26 10:57:57.406  INFO 88527 --- [restartedMain] o.h.t.schema.internal.SchemaCreatorImpl  : HHH000476: Executing import script 'org.hibernate.tool.schema.internal.exec.ScriptSourceInputNonExistentImpl@6bc873ae'
2019-04-26 10:57:57.407  INFO 88527 --- [restartedMain] j.LocalContainerEntityManagerFactoryBean : Initialized JPA EntityManagerFactory for persistence unit 'default'
2019-04-26 10:57:57.459  INFO 88527 --- [restartedMain] o.s.b.d.a.OptionalLiveReloadServer       : LiveReload server is running on port 35729
2019-04-26 10:57:57.938  INFO 88527 --- [restartedMain] o.s.s.concurrent.ThreadPoolTaskExecutor  : Initializing ExecutorService 'applicationTaskExecutor'
2019-04-26 10:57:57.967  WARN 88527 --- [restartedMain] aWebConfiguration$JpaWebMvcConfiguration : spring.jpa.open-in-view is enabled by default. Therefore, database queries may be performed during view rendering. Explicitly configure spring.jpa.open-in-view to disable this warning
2019-04-26 10:57:58.806  INFO 88527 --- [restartedMain] o.s.b.a.e.web.EndpointLinksResolver      : Exposing 2 endpoint(s) beneath base path '/actuator'
2019-04-26 10:57:58.991  INFO 88527 --- [restartedMain] o.s.b.w.embedded.tomcat.TomcatWebServer  : Tomcat started on port(s): 8080 (http) with context path '/service-mesh1'
2019-04-26 10:57:58.993  INFO 88527 --- [restartedMain] c.d.s.ServiceMesh1Application            : Started ServiceMesh1Application in 3.984 seconds (JVM running for 761.31)
2019-04-26 10:57:59.026  INFO 88527 --- [restartedMain] .ConditionEvaluationDeltaLoggingListener : Condition evaluation unchanged
2019-04-26 11:01:25.466  INFO 88527 --- [Thread-14] o.s.s.concurrent.ThreadPoolTaskExecutor  : Shutting down ExecutorService 'applicationTaskExecutor'
2019-04-26 11:01:25.471  INFO 88527 --- [Thread-14] j.LocalContainerEntityManagerFactoryBean : Closing JPA EntityManagerFactory for persistence unit 'default'
2019-04-26 11:01:25.476  INFO 88527 --- [Thread-14] .SchemaDropperImpl$DelayedDropActionImpl : HHH000477: Starting delayed evictData of schema as part of SessionFactory shut-down'
2019-04-26 11:01:25.487  INFO 88527 --- [Thread-14] o.s.b.f.support.DisposableBeanAdapter    : Invocation of destroy method failed on bean with name 'inMemoryDatabaseShutdownExecutor': org.h2.jdbc.JdbcSQLNonTransientConnectionException: Database is already closed (to disable automatic closing at VM shutdown, add ";DB_CLOSE_ON_EXIT=FALSE" to the db URL) [90121-199]
2019-04-26 11:01:25.490  INFO 88527 --- [Thread-14] com.zaxxer.hikari.HikariDataSource       : HikariPool-2 - Shutdown initiated...
2019-04-26 11:01:25.493  INFO 88527 --- [Thread-14] com.zaxxer.hikari.HikariDataSource       : HikariPool-2 - Shutdown completed.
2019-04-26 11:01:26.043  INFO 88527 --- [restartedMain] c.d.s.ServiceMesh1Application            : Starting ServiceMesh1Application on bogon with PID 88527 (/Users/xugao/Projects/IdeaProjects/service-mesh1/out/production/classes started by xugao in /Users/xugao/Projects/IdeaProjects/service-mesh1)
2019-04-26 11:01:26.046  INFO 88527 --- [restartedMain] c.d.s.ServiceMesh1Application            : No active profile set, falling back to default profiles: default
2019-04-26 11:01:30.030  INFO 88527 --- [restartedMain] .s.d.r.c.RepositoryConfigurationDelegate : Bootstrapping Spring Data repositories in DEFAULT mode.
2019-04-26 11:01:30.058  INFO 88527 --- [restartedMain] .s.d.r.c.RepositoryConfigurationDelegate : Finished Spring Data repository scanning in 27ms. Found 0 repository interfaces.
2019-04-26 11:01:30.967  INFO 88527 --- [restartedMain] trationDelegate$BeanPostProcessorChecker : Bean 'org.springframework.transaction.annotation.ProxyTransactionManagementConfiguration' of type [org.springframework.transaction.annotation.ProxyTransactionManagementConfiguration$$EnhancerBySpringCGLIB$$f8e8ad69] is not eligible for getting processed by all BeanPostProcessors (for example: not eligible for auto-proxying)
2019-04-26 11:01:32.665  INFO 88527 --- [restartedMain] o.s.b.w.embedded.tomcat.TomcatWebServer  : Tomcat initialized with port(s): 8080 (http)
2019-04-26 11:01:32.670  INFO 88527 --- [restartedMain] o.apache.catalina.core.StandardService   : Starting service [Tomcat]
2019-04-26 11:01:32.674  INFO 88527 --- [restartedMain] org.apache.catalina.core.StandardEngine  : Starting Servlet engine: [Apache Tomcat/9.0.17]
2019-04-26 11:01:32.833  INFO 88527 --- [restartedMain] o.a.c.c.C.[.[.[/service-mesh1]           : Initializing Spring embedded WebApplicationContext
2019-04-26 11:01:32.833  INFO 88527 --- [restartedMain] o.s.web.context.ContextLoader            : Root WebApplicationContext: initialization completed in 6772 ms
2019-04-26 11:01:33.927  INFO 88527 --- [restartedMain] com.zaxxer.hikari.HikariDataSource       : HikariPool-3 - Starting...
2019-04-26 11:01:33.944  INFO 88527 --- [restartedMain] com.zaxxer.hikari.HikariDataSource       : HikariPool-3 - Start completed.
2019-04-26 11:01:33.996  INFO 88527 --- [restartedMain] o.hibernate.jpa.internal.util.LogHelper  : HHH000204: Processing PersistenceUnitInfo [
	name: default
	...]
2019-04-26 11:01:34.039  INFO 88527 --- [restartedMain] org.hibernate.dialect.Dialect            : HHH000400: Using dialect: org.hibernate.dialect.H2Dialect
2019-04-26 11:01:34.213  INFO 88527 --- [restartedMain] o.h.t.schema.internal.SchemaCreatorImpl  : HHH000476: Executing import script 'org.hibernate.tool.schema.internal.exec.ScriptSourceInputNonExistentImpl@6bc873ae'
2019-04-26 11:01:34.214  INFO 88527 --- [restartedMain] j.LocalContainerEntityManagerFactoryBean : Initialized JPA EntityManagerFactory for persistence unit 'default'
2019-04-26 11:01:34.376  INFO 88527 --- [restartedMain] o.s.b.d.a.OptionalLiveReloadServer       : LiveReload server is running on port 35729
2019-04-26 11:01:35.137  INFO 88527 --- [restartedMain] o.s.s.concurrent.ThreadPoolTaskExecutor  : Initializing ExecutorService 'applicationTaskExecutor'
2019-04-26 11:01:35.212  WARN 88527 --- [restartedMain] aWebConfiguration$JpaWebMvcConfiguration : spring.jpa.open-in-view is enabled by default. Therefore, database queries may be performed during view rendering. Explicitly configure spring.jpa.open-in-view to disable this warning
2019-04-26 11:01:35.904  INFO 88527 --- [restartedMain] o.s.b.a.e.web.EndpointLinksResolver      : Exposing 2 endpoint(s) beneath base path '/actuator'
2019-04-26 11:01:36.046  INFO 88527 --- [restartedMain] o.s.b.w.embedded.tomcat.TomcatWebServer  : Tomcat started on port(s): 8080 (http) with context path '/service-mesh1'
2019-04-26 11:01:36.048  INFO 88527 --- [restartedMain] c.d.s.ServiceMesh1Application            : Started ServiceMesh1Application in 10.337 seconds (JVM running for 978.365)
2019-04-26 11:01:36.060  INFO 88527 --- [restartedMain] .ConditionEvaluationDeltaLoggingListener : Condition evaluation unchanged
2019-04-26 11:24:55.275  INFO 88527 --- [Thread-26] o.s.s.concurrent.ThreadPoolTaskExecutor  : Shutting down ExecutorService 'applicationTaskExecutor'
2019-04-26 11:24:55.280  INFO 88527 --- [Thread-26] j.LocalContainerEntityManagerFactoryBean : Closing JPA EntityManagerFactory for persistence unit 'default'
2019-04-26 11:24:55.282  INFO 88527 --- [Thread-26] .SchemaDropperImpl$DelayedDropActionImpl : HHH000477: Starting delayed evictData of schema as part of SessionFactory shut-down'
2019-04-26 11:24:55.291  INFO 88527 --- [Thread-26] o.s.b.f.support.DisposableBeanAdapter    : Invocation of destroy method failed on bean with name 'inMemoryDatabaseShutdownExecutor': org.h2.jdbc.JdbcSQLNonTransientConnectionException: Database is already closed (to disable automatic closing at VM shutdown, add ";DB_CLOSE_ON_EXIT=FALSE" to the db URL) [90121-199]
2019-04-26 11:24:55.293  INFO 88527 --- [Thread-26] com.zaxxer.hikari.HikariDataSource       : HikariPool-3 - Shutdown initiated...
2019-04-26 11:24:55.298  INFO 88527 --- [Thread-26] com.zaxxer.hikari.HikariDataSource       : HikariPool-3 - Shutdown completed.
2019-04-26 13:58:42.693  INFO 89227 --- [restartedMain] c.d.s.ServiceMesh1Application            : Starting ServiceMesh1Application on bogon with PID 89227 (/Users/xugao/Projects/IdeaProjects/service-mesh1/out/production/classes started by xugao in /Users/xugao/Projects/IdeaProjects/service-mesh1)
2019-04-26 13:58:42.700  INFO 89227 --- [restartedMain] c.d.s.ServiceMesh1Application            : No active profile set, falling back to default profiles: default
2019-04-26 13:58:42.805  INFO 89227 --- [restartedMain] .e.DevToolsPropertyDefaultsPostProcessor : Devtools property defaults active! Set 'spring.devtools.add-properties' to 'false' to disable
2019-04-26 13:58:42.805  INFO 89227 --- [restartedMain] .e.DevToolsPropertyDefaultsPostProcessor : For additional web related logging consider setting the 'logging.level.web' property to 'DEBUG'
2019-04-26 13:58:45.909  INFO 89227 --- [restartedMain] .s.d.r.c.RepositoryConfigurationDelegate : Bootstrapping Spring Data repositories in DEFAULT mode.
2019-04-26 13:58:45.953  INFO 89227 --- [restartedMain] .s.d.r.c.RepositoryConfigurationDelegate : Finished Spring Data repository scanning in 23ms. Found 0 repository interfaces.
2019-04-26 13:58:47.736  INFO 89227 --- [restartedMain] trationDelegate$BeanPostProcessorChecker : Bean 'org.springframework.transaction.annotation.ProxyTransactionManagementConfiguration' of type [org.springframework.transaction.annotation.ProxyTransactionManagementConfiguration$$EnhancerBySpringCGLIB$$a42a3fee] is not eligible for getting processed by all BeanPostProcessors (for example: not eligible for auto-proxying)
2019-04-26 13:58:48.829  INFO 89227 --- [restartedMain] o.s.b.w.embedded.tomcat.TomcatWebServer  : Tomcat initialized with port(s): 8080 (http)
2019-04-26 13:58:48.869  INFO 89227 --- [restartedMain] o.apache.catalina.core.StandardService   : Starting service [Tomcat]
2019-04-26 13:58:48.870  INFO 89227 --- [restartedMain] org.apache.catalina.core.StandardEngine  : Starting Servlet engine: [Apache Tomcat/9.0.17]
2019-04-26 13:58:49.026  INFO 89227 --- [restartedMain] o.a.c.c.C.[.[.[/service-mesh1]           : Initializing Spring embedded WebApplicationContext
2019-04-26 13:58:49.026  INFO 89227 --- [restartedMain] o.s.web.context.ContextLoader            : Root WebApplicationContext: initialization completed in 6220 ms
2019-04-26 13:58:49.999  INFO 89227 --- [restartedMain] com.zaxxer.hikari.HikariDataSource       : HikariPool-1 - Starting...
2019-04-26 13:58:50.151  INFO 89227 --- [restartedMain] com.zaxxer.hikari.HikariDataSource       : HikariPool-1 - Start completed.
2019-04-26 13:58:50.257  INFO 89227 --- [restartedMain] o.hibernate.jpa.internal.util.LogHelper  : HHH000204: Processing PersistenceUnitInfo [
	name: default
	...]
2019-04-26 13:58:50.375  INFO 89227 --- [restartedMain] org.hibernate.Version                    : HHH000412: Hibernate Core {5.3.9.Final}
2019-04-26 13:58:50.378  INFO 89227 --- [restartedMain] org.hibernate.cfg.Environment            : HHH000206: hibernate.properties not found
2019-04-26 13:58:50.612  INFO 89227 --- [restartedMain] o.hibernate.annotations.common.Version   : HCANN000001: Hibernate Commons Annotations {5.0.4.Final}
2019-04-26 13:58:50.823  INFO 89227 --- [restartedMain] org.hibernate.dialect.Dialect            : HHH000400: Using dialect: org.hibernate.dialect.H2Dialect
2019-04-26 13:58:51.112  INFO 89227 --- [restartedMain] o.h.t.schema.internal.SchemaCreatorImpl  : HHH000476: Executing import script 'org.hibernate.tool.schema.internal.exec.ScriptSourceInputNonExistentImpl@40d5d7fd'
2019-04-26 13:58:51.117  INFO 89227 --- [restartedMain] j.LocalContainerEntityManagerFactoryBean : Initialized JPA EntityManagerFactory for persistence unit 'default'
2019-04-26 13:58:51.217  INFO 89227 --- [restartedMain] o.s.b.d.a.OptionalLiveReloadServer       : LiveReload server is running on port 35729
2019-04-26 13:58:51.762  INFO 89227 --- [restartedMain] o.s.s.concurrent.ThreadPoolTaskExecutor  : Initializing ExecutorService 'applicationTaskExecutor'
2019-04-26 13:58:51.840  WARN 89227 --- [restartedMain] aWebConfiguration$JpaWebMvcConfiguration : spring.jpa.open-in-view is enabled by default. Therefore, database queries may be performed during view rendering. Explicitly configure spring.jpa.open-in-view to disable this warning
2019-04-26 13:58:52.557  INFO 89227 --- [restartedMain] o.s.b.a.e.web.EndpointLinksResolver      : Exposing 2 endpoint(s) beneath base path '/actuator'
2019-04-26 13:58:52.702  INFO 89227 --- [restartedMain] o.s.b.w.embedded.tomcat.TomcatWebServer  : Tomcat started on port(s): 8080 (http) with context path '/service-mesh1'
2019-04-26 13:58:52.708  INFO 89227 --- [restartedMain] c.d.s.ServiceMesh1Application            : Started ServiceMesh1Application in 11.021 seconds (JVM running for 12.791)
2019-04-26 13:59:00.371  INFO 89227 --- [http-nio-8080-exec-1] o.a.c.c.C.[.[.[/service-mesh1]           : Initializing Spring DispatcherServlet 'dispatcherServlet'
2019-04-26 13:59:00.372  INFO 89227 --- [http-nio-8080-exec-1] o.s.web.servlet.DispatcherServlet        : Initializing Servlet 'dispatcherServlet'
2019-04-26 13:59:00.391  INFO 89227 --- [http-nio-8080-exec-1] o.s.web.servlet.DispatcherServlet        : Completed initialization in 19 ms
2019-04-26 13:59:00.565  INFO 89227 --- [http-nio-8080-exec-1] com.demo.servicemesh1.aop.WebLogAspect   : ========================================== Start ==========================================
2019-04-26 13:59:00.566  INFO 89227 --- [http-nio-8080-exec-1] com.demo.servicemesh1.aop.WebLogAspect   : URL            : http://localhost:8080/service-mesh1/
2019-04-26 13:59:00.566  INFO 89227 --- [http-nio-8080-exec-1] com.demo.servicemesh1.aop.WebLogAspect   : HTTP Method    : GET
2019-04-26 13:59:00.569  INFO 89227 --- [http-nio-8080-exec-1] com.demo.servicemesh1.aop.WebLogAspect   : Class Method   : com.demo.servicemesh1.controller.Index.index
2019-04-26 13:59:00.569  INFO 89227 --- [http-nio-8080-exec-1] com.demo.servicemesh1.aop.WebLogAspect   : IP             : 0:0:0:0:0:0:0:1
2019-04-26 13:59:00.576  INFO 89227 --- [http-nio-8080-exec-1] com.demo.servicemesh1.aop.WebLogAspect   : Request Args   : []
2019-04-26 13:59:01.514  INFO 89227 --- [http-nio-8080-exec-1] okhttp3.OkHttpClient                     : --> GET http://service-mesh2:8081/2/service-mesh2/
2019-04-26 13:59:01.514  INFO 89227 --- [http-nio-8080-exec-1] okhttp3.OkHttpClient                     : --> END GET
2019-04-26 13:59:01.525  INFO 89227 --- [http-nio-8080-exec-1] okhttp3.OkHttpClient                     : <-- HTTP FAILED: java.net.UnknownHostException: service-mesh2: nodename nor servname provided, or not known
2019-04-26 13:59:01.541  INFO 89227 --- [http-nio-8080-exec-1] com.demo.servicemesh1.aop.WebLogAspect   : Response Args  : {"result":"service-mesh1","status":200,"timestamp":1556258341533}
2019-04-26 13:59:01.542  INFO 89227 --- [http-nio-8080-exec-1] com.demo.servicemesh1.aop.WebLogAspect   : Time-Consuming : 977 ms
2019-04-26 13:59:01.542  INFO 89227 --- [http-nio-8080-exec-1] com.demo.servicemesh1.aop.WebLogAspect   : =========================================== End ===========================================
2019-04-26 13:59:01.542  INFO 89227 --- [http-nio-8080-exec-1] com.demo.servicemesh1.aop.WebLogAspect   : 
2019-04-26 13:59:32.709  INFO 89227 --- [Thread-13] o.s.s.concurrent.ThreadPoolTaskExecutor  : Shutting down ExecutorService 'applicationTaskExecutor'
2019-04-26 13:59:32.714  INFO 89227 --- [Thread-13] j.LocalContainerEntityManagerFactoryBean : Closing JPA EntityManagerFactory for persistence unit 'default'
2019-04-26 13:59:32.717  INFO 89227 --- [Thread-13] .SchemaDropperImpl$DelayedDropActionImpl : HHH000477: Starting delayed evictData of schema as part of SessionFactory shut-down'
2019-04-26 13:59:32.738  INFO 89227 --- [Thread-13] o.s.b.f.support.DisposableBeanAdapter    : Invocation of destroy method failed on bean with name 'inMemoryDatabaseShutdownExecutor': org.h2.jdbc.JdbcSQLNonTransientConnectionException: Database is already closed (to disable automatic closing at VM shutdown, add ";DB_CLOSE_ON_EXIT=FALSE" to the db URL) [90121-199]
2019-04-26 13:59:32.740  INFO 89227 --- [Thread-13] com.zaxxer.hikari.HikariDataSource       : HikariPool-1 - Shutdown initiated...
2019-04-26 13:59:32.744  INFO 89227 --- [Thread-13] com.zaxxer.hikari.HikariDataSource       : HikariPool-1 - Shutdown completed.
2019-04-26 13:59:41.737  INFO 89242 --- [restartedMain] c.d.s.ServiceMesh1Application            : Starting ServiceMesh1Application on bogon with PID 89242 (/Users/xugao/Projects/IdeaProjects/service-mesh1/out/production/classes started by xugao in /Users/xugao/Projects/IdeaProjects/service-mesh1)
2019-04-26 13:59:41.742  INFO 89242 --- [restartedMain] c.d.s.ServiceMesh1Application            : No active profile set, falling back to default profiles: default
2019-04-26 13:59:41.862  INFO 89242 --- [restartedMain] .e.DevToolsPropertyDefaultsPostProcessor : Devtools property defaults active! Set 'spring.devtools.add-properties' to 'false' to disable
2019-04-26 13:59:41.862  INFO 89242 --- [restartedMain] .e.DevToolsPropertyDefaultsPostProcessor : For additional web related logging consider setting the 'logging.level.web' property to 'DEBUG'
2019-04-26 13:59:43.919  INFO 89242 --- [restartedMain] .s.d.r.c.RepositoryConfigurationDelegate : Bootstrapping Spring Data repositories in DEFAULT mode.
2019-04-26 13:59:43.949  INFO 89242 --- [restartedMain] .s.d.r.c.RepositoryConfigurationDelegate : Finished Spring Data repository scanning in 17ms. Found 0 repository interfaces.
2019-04-26 13:59:44.894  INFO 89242 --- [restartedMain] trationDelegate$BeanPostProcessorChecker : Bean 'org.springframework.transaction.annotation.ProxyTransactionManagementConfiguration' of type [org.springframework.transaction.annotation.ProxyTransactionManagementConfiguration$$EnhancerBySpringCGLIB$$ad7f5541] is not eligible for getting processed by all BeanPostProcessors (for example: not eligible for auto-proxying)
2019-04-26 13:59:46.001  INFO 89242 --- [restartedMain] o.s.b.w.embedded.tomcat.TomcatWebServer  : Tomcat initialized with port(s): 8080 (http)
2019-04-26 13:59:46.049  INFO 89242 --- [restartedMain] o.apache.catalina.core.StandardService   : Starting service [Tomcat]
2019-04-26 13:59:46.050  INFO 89242 --- [restartedMain] org.apache.catalina.core.StandardEngine  : Starting Servlet engine: [Apache Tomcat/9.0.17]
2019-04-26 13:59:46.253  INFO 89242 --- [restartedMain] o.a.c.c.C.[.[.[/service-mesh1]           : Initializing Spring embedded WebApplicationContext
2019-04-26 13:59:46.253  INFO 89242 --- [restartedMain] o.s.web.context.ContextLoader            : Root WebApplicationContext: initialization completed in 4390 ms
2019-04-26 13:59:47.246  INFO 89242 --- [restartedMain] com.zaxxer.hikari.HikariDataSource       : HikariPool-1 - Starting...
2019-04-26 13:59:47.401  INFO 89242 --- [restartedMain] com.zaxxer.hikari.HikariDataSource       : HikariPool-1 - Start completed.
2019-04-26 13:59:47.485  INFO 89242 --- [restartedMain] o.hibernate.jpa.internal.util.LogHelper  : HHH000204: Processing PersistenceUnitInfo [
	name: default
	...]
2019-04-26 13:59:47.563  INFO 89242 --- [restartedMain] org.hibernate.Version                    : HHH000412: Hibernate Core {5.3.9.Final}
2019-04-26 13:59:47.571  INFO 89242 --- [restartedMain] org.hibernate.cfg.Environment            : HHH000206: hibernate.properties not found
2019-04-26 13:59:47.770  INFO 89242 --- [restartedMain] o.hibernate.annotations.common.Version   : HCANN000001: Hibernate Commons Annotations {5.0.4.Final}
2019-04-26 13:59:47.907  INFO 89242 --- [restartedMain] org.hibernate.dialect.Dialect            : HHH000400: Using dialect: org.hibernate.dialect.H2Dialect
2019-04-26 13:59:48.151  INFO 89242 --- [restartedMain] o.h.t.schema.internal.SchemaCreatorImpl  : HHH000476: Executing import script 'org.hibernate.tool.schema.internal.exec.ScriptSourceInputNonExistentImpl@4108a684'
2019-04-26 13:59:48.155  INFO 89242 --- [restartedMain] j.LocalContainerEntityManagerFactoryBean : Initialized JPA EntityManagerFactory for persistence unit 'default'
2019-04-26 13:59:48.254  INFO 89242 --- [restartedMain] o.s.b.d.a.OptionalLiveReloadServer       : LiveReload server is running on port 35729
2019-04-26 13:59:48.754  INFO 89242 --- [restartedMain] o.s.s.concurrent.ThreadPoolTaskExecutor  : Initializing ExecutorService 'applicationTaskExecutor'
2019-04-26 13:59:48.829  WARN 89242 --- [restartedMain] aWebConfiguration$JpaWebMvcConfiguration : spring.jpa.open-in-view is enabled by default. Therefore, database queries may be performed during view rendering. Explicitly configure spring.jpa.open-in-view to disable this warning
2019-04-26 13:59:49.550  INFO 89242 --- [restartedMain] o.s.b.a.e.web.EndpointLinksResolver      : Exposing 2 endpoint(s) beneath base path '/actuator'
2019-04-26 13:59:49.714  INFO 89242 --- [restartedMain] o.s.b.w.embedded.tomcat.TomcatWebServer  : Tomcat started on port(s): 8080 (http) with context path '/service-mesh1'
2019-04-26 13:59:49.719  INFO 89242 --- [restartedMain] c.d.s.ServiceMesh1Application            : Started ServiceMesh1Application in 8.875 seconds (JVM running for 10.766)
2019-04-26 13:59:51.058  INFO 89242 --- [http-nio-8080-exec-1] o.a.c.c.C.[.[.[/service-mesh1]           : Initializing Spring DispatcherServlet 'dispatcherServlet'
2019-04-26 13:59:51.059  INFO 89242 --- [http-nio-8080-exec-1] o.s.web.servlet.DispatcherServlet        : Initializing Servlet 'dispatcherServlet'
2019-04-26 13:59:51.078  INFO 89242 --- [http-nio-8080-exec-1] o.s.web.servlet.DispatcherServlet        : Completed initialization in 19 ms
2019-04-26 13:59:51.207  INFO 89242 --- [http-nio-8080-exec-1] com.demo.servicemesh1.aop.WebLogAspect   : ========================================== Start ==========================================
2019-04-26 13:59:51.207  INFO 89242 --- [http-nio-8080-exec-1] com.demo.servicemesh1.aop.WebLogAspect   : URL            : http://localhost:8080/service-mesh1/
2019-04-26 13:59:51.207  INFO 89242 --- [http-nio-8080-exec-1] com.demo.servicemesh1.aop.WebLogAspect   : HTTP Method    : GET
2019-04-26 13:59:51.209  INFO 89242 --- [http-nio-8080-exec-1] com.demo.servicemesh1.aop.WebLogAspect   : Class Method   : com.demo.servicemesh1.controller.Index.index
2019-04-26 13:59:51.209  INFO 89242 --- [http-nio-8080-exec-1] com.demo.servicemesh1.aop.WebLogAspect   : IP             : 0:0:0:0:0:0:0:1
2019-04-26 13:59:51.213  INFO 89242 --- [http-nio-8080-exec-1] com.demo.servicemesh1.aop.WebLogAspect   : Request Args   : []
2019-04-26 13:59:51.598  INFO 89242 --- [http-nio-8080-exec-1] okhttp3.OkHttpClient                     : --> GET http://service-mesh2:8081/service-mesh2/service-mesh2/
2019-04-26 13:59:51.599  INFO 89242 --- [http-nio-8080-exec-1] okhttp3.OkHttpClient                     : --> END GET
2019-04-26 13:59:51.607  INFO 89242 --- [http-nio-8080-exec-1] okhttp3.OkHttpClient                     : <-- HTTP FAILED: java.net.UnknownHostException: service-mesh2: nodename nor servname provided, or not known
2019-04-26 13:59:51.618  INFO 89242 --- [http-nio-8080-exec-1] com.demo.servicemesh1.aop.WebLogAspect   : Response Args  : {"result":"service-mesh1","status":200,"timestamp":1556258391612}
2019-04-26 13:59:51.618  INFO 89242 --- [http-nio-8080-exec-1] com.demo.servicemesh1.aop.WebLogAspect   : Time-Consuming : 412 ms
2019-04-26 13:59:51.619  INFO 89242 --- [http-nio-8080-exec-1] com.demo.servicemesh1.aop.WebLogAspect   : =========================================== End ===========================================
2019-04-26 13:59:51.619  INFO 89242 --- [http-nio-8080-exec-1] com.demo.servicemesh1.aop.WebLogAspect   : 
2019-04-26 14:00:27.201  INFO 89242 --- [Thread-13] o.s.s.concurrent.ThreadPoolTaskExecutor  : Shutting down ExecutorService 'applicationTaskExecutor'
2019-04-26 14:00:27.205  INFO 89242 --- [Thread-13] j.LocalContainerEntityManagerFactoryBean : Closing JPA EntityManagerFactory for persistence unit 'default'
2019-04-26 14:00:27.206  INFO 89242 --- [Thread-13] .SchemaDropperImpl$DelayedDropActionImpl : HHH000477: Starting delayed evictData of schema as part of SessionFactory shut-down'
2019-04-26 14:00:27.232  INFO 89242 --- [Thread-13] o.s.b.f.support.DisposableBeanAdapter    : Invocation of destroy method failed on bean with name 'inMemoryDatabaseShutdownExecutor': org.h2.jdbc.JdbcSQLNonTransientConnectionException: Database is already closed (to disable automatic closing at VM shutdown, add ";DB_CLOSE_ON_EXIT=FALSE" to the db URL) [90121-199]
2019-04-26 14:00:27.234  INFO 89242 --- [Thread-13] com.zaxxer.hikari.HikariDataSource       : HikariPool-1 - Shutdown initiated...
2019-04-26 14:00:27.239  INFO 89242 --- [Thread-13] com.zaxxer.hikari.HikariDataSource       : HikariPool-1 - Shutdown completed.
2019-04-26 14:00:36.128  INFO 89248 --- [restartedMain] c.d.s.ServiceMesh1Application            : Starting ServiceMesh1Application on bogon with PID 89248 (/Users/xugao/Projects/IdeaProjects/service-mesh1/out/production/classes started by xugao in /Users/xugao/Projects/IdeaProjects/service-mesh1)
2019-04-26 14:00:36.136  INFO 89248 --- [restartedMain] c.d.s.ServiceMesh1Application            : No active profile set, falling back to default profiles: default
2019-04-26 14:00:36.238  INFO 89248 --- [restartedMain] .e.DevToolsPropertyDefaultsPostProcessor : Devtools property defaults active! Set 'spring.devtools.add-properties' to 'false' to disable
2019-04-26 14:00:36.238  INFO 89248 --- [restartedMain] .e.DevToolsPropertyDefaultsPostProcessor : For additional web related logging consider setting the 'logging.level.web' property to 'DEBUG'
2019-04-26 14:00:38.048  INFO 89248 --- [restartedMain] .s.d.r.c.RepositoryConfigurationDelegate : Bootstrapping Spring Data repositories in DEFAULT mode.
2019-04-26 14:00:38.081  INFO 89248 --- [restartedMain] .s.d.r.c.RepositoryConfigurationDelegate : Finished Spring Data repository scanning in 18ms. Found 0 repository interfaces.
2019-04-26 14:00:39.059  INFO 89248 --- [restartedMain] trationDelegate$BeanPostProcessorChecker : Bean 'org.springframework.transaction.annotation.ProxyTransactionManagementConfiguration' of type [org.springframework.transaction.annotation.ProxyTransactionManagementConfiguration$$EnhancerBySpringCGLIB$$7959aef1] is not eligible for getting processed by all BeanPostProcessors (for example: not eligible for auto-proxying)
2019-04-26 14:00:40.222  INFO 89248 --- [restartedMain] o.s.b.w.embedded.tomcat.TomcatWebServer  : Tomcat initialized with port(s): 8080 (http)
2019-04-26 14:00:40.269  INFO 89248 --- [restartedMain] o.apache.catalina.core.StandardService   : Starting service [Tomcat]
2019-04-26 14:00:40.269  INFO 89248 --- [restartedMain] org.apache.catalina.core.StandardEngine  : Starting Servlet engine: [Apache Tomcat/9.0.17]
2019-04-26 14:00:40.429  INFO 89248 --- [restartedMain] o.a.c.c.C.[.[.[/service-mesh1]           : Initializing Spring embedded WebApplicationContext
2019-04-26 14:00:40.430  INFO 89248 --- [restartedMain] o.s.web.context.ContextLoader            : Root WebApplicationContext: initialization completed in 4191 ms
2019-04-26 14:00:41.382  INFO 89248 --- [restartedMain] com.zaxxer.hikari.HikariDataSource       : HikariPool-1 - Starting...
2019-04-26 14:00:41.517  INFO 89248 --- [restartedMain] com.zaxxer.hikari.HikariDataSource       : HikariPool-1 - Start completed.
2019-04-26 14:00:41.609  INFO 89248 --- [restartedMain] o.hibernate.jpa.internal.util.LogHelper  : HHH000204: Processing PersistenceUnitInfo [
	name: default
	...]
2019-04-26 14:00:41.710  INFO 89248 --- [restartedMain] org.hibernate.Version                    : HHH000412: Hibernate Core {5.3.9.Final}
2019-04-26 14:00:41.712  INFO 89248 --- [restartedMain] org.hibernate.cfg.Environment            : HHH000206: hibernate.properties not found
2019-04-26 14:00:41.930  INFO 89248 --- [restartedMain] o.hibernate.annotations.common.Version   : HCANN000001: Hibernate Commons Annotations {5.0.4.Final}
2019-04-26 14:00:42.088  INFO 89248 --- [restartedMain] org.hibernate.dialect.Dialect            : HHH000400: Using dialect: org.hibernate.dialect.H2Dialect
2019-04-26 14:00:42.400  INFO 89248 --- [restartedMain] o.h.t.schema.internal.SchemaCreatorImpl  : HHH000476: Executing import script 'org.hibernate.tool.schema.internal.exec.ScriptSourceInputNonExistentImpl@4501c778'
2019-04-26 14:00:42.404  INFO 89248 --- [restartedMain] j.LocalContainerEntityManagerFactoryBean : Initialized JPA EntityManagerFactory for persistence unit 'default'
2019-04-26 14:00:42.495  INFO 89248 --- [restartedMain] o.s.b.d.a.OptionalLiveReloadServer       : LiveReload server is running on port 35729
2019-04-26 14:00:43.077  INFO 89248 --- [restartedMain] o.s.s.concurrent.ThreadPoolTaskExecutor  : Initializing ExecutorService 'applicationTaskExecutor'
2019-04-26 14:00:43.160  WARN 89248 --- [restartedMain] aWebConfiguration$JpaWebMvcConfiguration : spring.jpa.open-in-view is enabled by default. Therefore, database queries may be performed during view rendering. Explicitly configure spring.jpa.open-in-view to disable this warning
2019-04-26 14:00:43.839  INFO 89248 --- [restartedMain] o.s.b.a.e.web.EndpointLinksResolver      : Exposing 2 endpoint(s) beneath base path '/actuator'
2019-04-26 14:00:44.027  INFO 89248 --- [restartedMain] o.s.b.w.embedded.tomcat.TomcatWebServer  : Tomcat started on port(s): 8080 (http) with context path '/service-mesh1'
2019-04-26 14:00:44.031  INFO 89248 --- [restartedMain] c.d.s.ServiceMesh1Application            : Started ServiceMesh1Application in 8.756 seconds (JVM running for 10.364)
2019-04-26 14:00:46.423  INFO 89248 --- [http-nio-8080-exec-1] o.a.c.c.C.[.[.[/service-mesh1]           : Initializing Spring DispatcherServlet 'dispatcherServlet'
2019-04-26 14:00:46.424  INFO 89248 --- [http-nio-8080-exec-1] o.s.web.servlet.DispatcherServlet        : Initializing Servlet 'dispatcherServlet'
2019-04-26 14:00:46.441  INFO 89248 --- [http-nio-8080-exec-1] o.s.web.servlet.DispatcherServlet        : Completed initialization in 17 ms
2019-04-26 14:00:46.570  INFO 89248 --- [http-nio-8080-exec-1] com.demo.servicemesh1.aop.WebLogAspect   : ========================================== Start ==========================================
2019-04-26 14:00:46.571  INFO 89248 --- [http-nio-8080-exec-1] com.demo.servicemesh1.aop.WebLogAspect   : URL            : http://localhost:8080/service-mesh1/
2019-04-26 14:00:46.571  INFO 89248 --- [http-nio-8080-exec-1] com.demo.servicemesh1.aop.WebLogAspect   : HTTP Method    : GET
2019-04-26 14:00:46.573  INFO 89248 --- [http-nio-8080-exec-1] com.demo.servicemesh1.aop.WebLogAspect   : Class Method   : com.demo.servicemesh1.controller.Index.index
2019-04-26 14:00:46.574  INFO 89248 --- [http-nio-8080-exec-1] com.demo.servicemesh1.aop.WebLogAspect   : IP             : 0:0:0:0:0:0:0:1
2019-04-26 14:00:46.579  INFO 89248 --- [http-nio-8080-exec-1] com.demo.servicemesh1.aop.WebLogAspect   : Request Args   : []
2019-04-26 14:00:46.982  INFO 89248 --- [http-nio-8080-exec-1] com.demo.servicemesh1.aop.WebLogAspect   : =========================================== End ===========================================
2019-04-26 14:00:46.982  INFO 89248 --- [http-nio-8080-exec-1] com.demo.servicemesh1.aop.WebLogAspect   : 
2019-04-26 14:00:46.990 ERROR 89248 --- [http-nio-8080-exec-1] c.d.s.config.GlobalExceptionHandler      : Missing either @GET URL or @Url parameter.
    for method ServiceMesh2Api.getIndex

java.lang.IllegalArgumentException: Missing either @GET URL or @Url parameter.
    for method ServiceMesh2Api.getIndex
	at retrofit2.Utils.methodError(Utils.java:52) ~[retrofit-2.5.0.jar:na]
	at retrofit2.Utils.methodError(Utils.java:42) ~[retrofit-2.5.0.jar:na]
	at retrofit2.RequestFactory$Builder.build(RequestFactory.java:186) ~[retrofit-2.5.0.jar:na]
	at retrofit2.RequestFactory.parseAnnotations(RequestFactory.java:65) ~[retrofit-2.5.0.jar:na]
	at retrofit2.ServiceMethod.parseAnnotations(ServiceMethod.java:25) ~[retrofit-2.5.0.jar:na]
	at retrofit2.Retrofit.loadServiceMethod(Retrofit.java:168) ~[retrofit-2.5.0.jar:na]
	at retrofit2.Retrofit$1.invoke(Retrofit.java:147) ~[retrofit-2.5.0.jar:na]
	at com.sun.proxy.$Proxy125.getIndex(Unknown Source) ~[na:na]
	at com.demo.servicemesh1.controller.Index.index(Index.java:35) ~[classes/:na]
	at com.demo.servicemesh1.controller.Index$$FastClassBySpringCGLIB$$7949e661.invoke(<generated>) ~[classes/:na]
	at org.springframework.cglib.proxy.MethodProxy.invoke(MethodProxy.java:218) ~[spring-core-5.1.6.RELEASE.jar:5.1.6.RELEASE]
	at org.springframework.aop.framework.CglibAopProxy$CglibMethodInvocation.invokeJoinpoint(CglibAopProxy.java:749) ~[spring-aop-5.1.6.RELEASE.jar:5.1.6.RELEASE]
	at org.springframework.aop.framework.ReflectiveMethodInvocation.proceed(ReflectiveMethodInvocation.java:163) ~[spring-aop-5.1.6.RELEASE.jar:5.1.6.RELEASE]
	at org.springframework.aop.framework.adapter.MethodBeforeAdviceInterceptor.invoke(MethodBeforeAdviceInterceptor.java:56) ~[spring-aop-5.1.6.RELEASE.jar:5.1.6.RELEASE]
	at org.springframework.aop.framework.ReflectiveMethodInvocation.proceed(ReflectiveMethodInvocation.java:175) ~[spring-aop-5.1.6.RELEASE.jar:5.1.6.RELEASE]
	at org.springframework.aop.aspectj.MethodInvocationProceedingJoinPoint.proceed(MethodInvocationProceedingJoinPoint.java:88) ~[spring-aop-5.1.6.RELEASE.jar:5.1.6.RELEASE]
	at com.demo.servicemesh1.aop.WebLogAspect.doAround(WebLogAspect.java:84) ~[classes/:na]
	at java.base/jdk.internal.reflect.NativeMethodAccessorImpl.invoke0(Native Method) ~[na:na]
	at java.base/jdk.internal.reflect.NativeMethodAccessorImpl.invoke(NativeMethodAccessorImpl.java:62) ~[na:na]
	at java.base/jdk.internal.reflect.DelegatingMethodAccessorImpl.invoke(DelegatingMethodAccessorImpl.java:43) ~[na:na]
	at java.base/java.lang.reflect.Method.invoke(Method.java:566) ~[na:na]
	at org.springframework.aop.aspectj.AbstractAspectJAdvice.invokeAdviceMethodWithGivenArgs(AbstractAspectJAdvice.java:644) ~[spring-aop-5.1.6.RELEASE.jar:5.1.6.RELEASE]
	at org.springframework.aop.aspectj.AbstractAspectJAdvice.invokeAdviceMethod(AbstractAspectJAdvice.java:633) ~[spring-aop-5.1.6.RELEASE.jar:5.1.6.RELEASE]
	at org.springframework.aop.aspectj.AspectJAroundAdvice.invoke(AspectJAroundAdvice.java:70) ~[spring-aop-5.1.6.RELEASE.jar:5.1.6.RELEASE]
	at org.springframework.aop.framework.ReflectiveMethodInvocation.proceed(ReflectiveMethodInvocation.java:175) ~[spring-aop-5.1.6.RELEASE.jar:5.1.6.RELEASE]
	at org.springframework.aop.aspectj.AspectJAfterAdvice.invoke(AspectJAfterAdvice.java:47) ~[spring-aop-5.1.6.RELEASE.jar:5.1.6.RELEASE]
	at org.springframework.aop.framework.ReflectiveMethodInvocation.proceed(ReflectiveMethodInvocation.java:175) ~[spring-aop-5.1.6.RELEASE.jar:5.1.6.RELEASE]
	at org.springframework.aop.interceptor.ExposeInvocationInterceptor.invoke(ExposeInvocationInterceptor.java:93) ~[spring-aop-5.1.6.RELEASE.jar:5.1.6.RELEASE]
	at org.springframework.aop.framework.ReflectiveMethodInvocation.proceed(ReflectiveMethodInvocation.java:186) ~[spring-aop-5.1.6.RELEASE.jar:5.1.6.RELEASE]
	at org.springframework.aop.framework.CglibAopProxy$DynamicAdvisedInterceptor.intercept(CglibAopProxy.java:688) ~[spring-aop-5.1.6.RELEASE.jar:5.1.6.RELEASE]
	at com.demo.servicemesh1.controller.Index$$EnhancerBySpringCGLIB$$ce4a98cb.index(<generated>) ~[classes/:na]
	at java.base/jdk.internal.reflect.NativeMethodAccessorImpl.invoke0(Native Method) ~[na:na]
	at java.base/jdk.internal.reflect.NativeMethodAccessorImpl.invoke(NativeMethodAccessorImpl.java:62) ~[na:na]
	at java.base/jdk.internal.reflect.DelegatingMethodAccessorImpl.invoke(DelegatingMethodAccessorImpl.java:43) ~[na:na]
	at java.base/java.lang.reflect.Method.invoke(Method.java:566) ~[na:na]
	at org.springframework.web.method.support.InvocableHandlerMethod.doInvoke(InvocableHandlerMethod.java:189) ~[spring-web-5.1.6.RELEASE.jar:5.1.6.RELEASE]
	at org.springframework.web.method.support.InvocableHandlerMethod.invokeForRequest(InvocableHandlerMethod.java:138) ~[spring-web-5.1.6.RELEASE.jar:5.1.6.RELEASE]
	at org.springframework.web.servlet.mvc.method.annotation.ServletInvocableHandlerMethod.invokeAndHandle(ServletInvocableHandlerMethod.java:102) ~[spring-webmvc-5.1.6.RELEASE.jar:5.1.6.RELEASE]
	at org.springframework.web.servlet.mvc.method.annotation.RequestMappingHandlerAdapter.invokeHandlerMethod(RequestMappingHandlerAdapter.java:892) ~[spring-webmvc-5.1.6.RELEASE.jar:5.1.6.RELEASE]
	at org.springframework.web.servlet.mvc.method.annotation.RequestMappingHandlerAdapter.handleInternal(RequestMappingHandlerAdapter.java:797) ~[spring-webmvc-5.1.6.RELEASE.jar:5.1.6.RELEASE]
	at org.springframework.web.servlet.mvc.method.AbstractHandlerMethodAdapter.handle(AbstractHandlerMethodAdapter.java:87) ~[spring-webmvc-5.1.6.RELEASE.jar:5.1.6.RELEASE]
	at org.springframework.web.servlet.DispatcherServlet.doDispatch(DispatcherServlet.java:1038) ~[spring-webmvc-5.1.6.RELEASE.jar:5.1.6.RELEASE]
	at org.springframework.web.servlet.DispatcherServlet.doService(DispatcherServlet.java:942) ~[spring-webmvc-5.1.6.RELEASE.jar:5.1.6.RELEASE]
	at org.springframework.web.servlet.FrameworkServlet.processRequest(FrameworkServlet.java:1005) ~[spring-webmvc-5.1.6.RELEASE.jar:5.1.6.RELEASE]
	at org.springframework.web.servlet.FrameworkServlet.doGet(FrameworkServlet.java:897) ~[spring-webmvc-5.1.6.RELEASE.jar:5.1.6.RELEASE]
	at javax.servlet.http.HttpServlet.service(HttpServlet.java:634) ~[tomcat-embed-core-9.0.17.jar:9.0.17]
	at org.springframework.web.servlet.FrameworkServlet.service(FrameworkServlet.java:882) ~[spring-webmvc-5.1.6.RELEASE.jar:5.1.6.RELEASE]
	at javax.servlet.http.HttpServlet.service(HttpServlet.java:741) ~[tomcat-embed-core-9.0.17.jar:9.0.17]
	at org.apache.catalina.core.ApplicationFilterChain.internalDoFilter(ApplicationFilterChain.java:231) ~[tomcat-embed-core-9.0.17.jar:9.0.17]
	at org.apache.catalina.core.ApplicationFilterChain.doFilter(ApplicationFilterChain.java:166) ~[tomcat-embed-core-9.0.17.jar:9.0.17]
	at org.apache.tomcat.websocket.server.WsFilter.doFilter(WsFilter.java:53) ~[tomcat-embed-websocket-9.0.17.jar:9.0.17]
	at org.apache.catalina.core.ApplicationFilterChain.internalDoFilter(ApplicationFilterChain.java:193) ~[tomcat-embed-core-9.0.17.jar:9.0.17]
	at org.apache.catalina.core.ApplicationFilterChain.doFilter(ApplicationFilterChain.java:166) ~[tomcat-embed-core-9.0.17.jar:9.0.17]
	at org.springframework.boot.actuate.web.trace.servlet.HttpTraceFilter.doFilterInternal(HttpTraceFilter.java:90) ~[spring-boot-actuator-2.1.4.RELEASE.jar:2.1.4.RELEASE]
	at org.springframework.web.filter.OncePerRequestFilter.doFilter(OncePerRequestFilter.java:107) ~[spring-web-5.1.6.RELEASE.jar:5.1.6.RELEASE]
	at org.apache.catalina.core.ApplicationFilterChain.internalDoFilter(ApplicationFilterChain.java:193) ~[tomcat-embed-core-9.0.17.jar:9.0.17]
	at org.apache.catalina.core.ApplicationFilterChain.doFilter(ApplicationFilterChain.java:166) ~[tomcat-embed-core-9.0.17.jar:9.0.17]
	at org.springframework.web.filter.RequestContextFilter.doFilterInternal(RequestContextFilter.java:99) ~[spring-web-5.1.6.RELEASE.jar:5.1.6.RELEASE]
	at org.springframework.web.filter.OncePerRequestFilter.doFilter(OncePerRequestFilter.java:107) ~[spring-web-5.1.6.RELEASE.jar:5.1.6.RELEASE]
	at org.apache.catalina.core.ApplicationFilterChain.internalDoFilter(ApplicationFilterChain.java:193) ~[tomcat-embed-core-9.0.17.jar:9.0.17]
	at org.apache.catalina.core.ApplicationFilterChain.doFilter(ApplicationFilterChain.java:166) ~[tomcat-embed-core-9.0.17.jar:9.0.17]
	at org.springframework.web.filter.FormContentFilter.doFilterInternal(FormContentFilter.java:92) ~[spring-web-5.1.6.RELEASE.jar:5.1.6.RELEASE]
	at org.springframework.web.filter.OncePerRequestFilter.doFilter(OncePerRequestFilter.java:107) ~[spring-web-5.1.6.RELEASE.jar:5.1.6.RELEASE]
	at org.apache.catalina.core.ApplicationFilterChain.internalDoFilter(ApplicationFilterChain.java:193) ~[tomcat-embed-core-9.0.17.jar:9.0.17]
	at org.apache.catalina.core.ApplicationFilterChain.doFilter(ApplicationFilterChain.java:166) ~[tomcat-embed-core-9.0.17.jar:9.0.17]
	at org.springframework.web.filter.HiddenHttpMethodFilter.doFilterInternal(HiddenHttpMethodFilter.java:93) ~[spring-web-5.1.6.RELEASE.jar:5.1.6.RELEASE]
	at org.springframework.web.filter.OncePerRequestFilter.doFilter(OncePerRequestFilter.java:107) ~[spring-web-5.1.6.RELEASE.jar:5.1.6.RELEASE]
	at org.apache.catalina.core.ApplicationFilterChain.internalDoFilter(ApplicationFilterChain.java:193) ~[tomcat-embed-core-9.0.17.jar:9.0.17]
	at org.apache.catalina.core.ApplicationFilterChain.doFilter(ApplicationFilterChain.java:166) ~[tomcat-embed-core-9.0.17.jar:9.0.17]
	at org.springframework.boot.actuate.metrics.web.servlet.WebMvcMetricsFilter.filterAndRecordMetrics(WebMvcMetricsFilter.java:117) ~[spring-boot-actuator-2.1.4.RELEASE.jar:2.1.4.RELEASE]
	at org.springframework.boot.actuate.metrics.web.servlet.WebMvcMetricsFilter.doFilterInternal(WebMvcMetricsFilter.java:106) ~[spring-boot-actuator-2.1.4.RELEASE.jar:2.1.4.RELEASE]
	at org.springframework.web.filter.OncePerRequestFilter.doFilter(OncePerRequestFilter.java:107) ~[spring-web-5.1.6.RELEASE.jar:5.1.6.RELEASE]
	at org.apache.catalina.core.ApplicationFilterChain.internalDoFilter(ApplicationFilterChain.java:193) ~[tomcat-embed-core-9.0.17.jar:9.0.17]
	at org.apache.catalina.core.ApplicationFilterChain.doFilter(ApplicationFilterChain.java:166) ~[tomcat-embed-core-9.0.17.jar:9.0.17]
	at org.springframework.web.filter.CharacterEncodingFilter.doFilterInternal(CharacterEncodingFilter.java:200) ~[spring-web-5.1.6.RELEASE.jar:5.1.6.RELEASE]
	at org.springframework.web.filter.OncePerRequestFilter.doFilter(OncePerRequestFilter.java:107) ~[spring-web-5.1.6.RELEASE.jar:5.1.6.RELEASE]
	at org.apache.catalina.core.ApplicationFilterChain.internalDoFilter(ApplicationFilterChain.java:193) ~[tomcat-embed-core-9.0.17.jar:9.0.17]
	at org.apache.catalina.core.ApplicationFilterChain.doFilter(ApplicationFilterChain.java:166) ~[tomcat-embed-core-9.0.17.jar:9.0.17]
	at org.apache.catalina.core.StandardWrapperValve.invoke(StandardWrapperValve.java:200) ~[tomcat-embed-core-9.0.17.jar:9.0.17]
	at org.apache.catalina.core.StandardContextValve.invoke(StandardContextValve.java:96) ~[tomcat-embed-core-9.0.17.jar:9.0.17]
	at org.apache.catalina.authenticator.AuthenticatorBase.invoke(AuthenticatorBase.java:490) ~[tomcat-embed-core-9.0.17.jar:9.0.17]
	at org.apache.catalina.core.StandardHostValve.invoke(StandardHostValve.java:139) ~[tomcat-embed-core-9.0.17.jar:9.0.17]
	at org.apache.catalina.valves.ErrorReportValve.invoke(ErrorReportValve.java:92) ~[tomcat-embed-core-9.0.17.jar:9.0.17]
	at org.apache.catalina.core.StandardEngineValve.invoke(StandardEngineValve.java:74) ~[tomcat-embed-core-9.0.17.jar:9.0.17]
	at org.apache.catalina.connector.CoyoteAdapter.service(CoyoteAdapter.java:343) ~[tomcat-embed-core-9.0.17.jar:9.0.17]
	at org.apache.coyote.http11.Http11Processor.service(Http11Processor.java:408) ~[tomcat-embed-core-9.0.17.jar:9.0.17]
	at org.apache.coyote.AbstractProcessorLight.process(AbstractProcessorLight.java:66) ~[tomcat-embed-core-9.0.17.jar:9.0.17]
	at org.apache.coyote.AbstractProtocol$ConnectionHandler.process(AbstractProtocol.java:834) ~[tomcat-embed-core-9.0.17.jar:9.0.17]
	at org.apache.tomcat.util.net.NioEndpoint$SocketProcessor.doRun(NioEndpoint.java:1415) ~[tomcat-embed-core-9.0.17.jar:9.0.17]
	at org.apache.tomcat.util.net.SocketProcessorBase.run(SocketProcessorBase.java:49) ~[tomcat-embed-core-9.0.17.jar:9.0.17]
	at java.base/java.util.concurrent.ThreadPoolExecutor.runWorker(ThreadPoolExecutor.java:1128) ~[na:na]
	at java.base/java.util.concurrent.ThreadPoolExecutor$Worker.run(ThreadPoolExecutor.java:628) ~[na:na]
	at org.apache.tomcat.util.threads.TaskThread$WrappingRunnable.run(TaskThread.java:61) ~[tomcat-embed-core-9.0.17.jar:9.0.17]
	at java.base/java.lang.Thread.run(Thread.java:825) ~[na:na]

2019-04-26 14:00:47.082  WARN 89248 --- [http-nio-8080-exec-1] .m.m.a.ExceptionHandlerExceptionResolver : Resolved [java.lang.IllegalArgumentException: Missing either @GET URL or @Url parameter.
    for method ServiceMesh2Api.getIndex]
2019-04-26 14:01:09.492  INFO 89248 --- [Thread-13] o.s.s.concurrent.ThreadPoolTaskExecutor  : Shutting down ExecutorService 'applicationTaskExecutor'
2019-04-26 14:01:09.497  INFO 89248 --- [Thread-13] j.LocalContainerEntityManagerFactoryBean : Closing JPA EntityManagerFactory for persistence unit 'default'
2019-04-26 14:01:09.500  INFO 89248 --- [Thread-13] .SchemaDropperImpl$DelayedDropActionImpl : HHH000477: Starting delayed evictData of schema as part of SessionFactory shut-down'
2019-04-26 14:01:09.532  INFO 89248 --- [Thread-13] o.s.b.f.support.DisposableBeanAdapter    : Invocation of destroy method failed on bean with name 'inMemoryDatabaseShutdownExecutor': org.h2.jdbc.JdbcSQLNonTransientConnectionException: Database is already closed (to disable automatic closing at VM shutdown, add ";DB_CLOSE_ON_EXIT=FALSE" to the db URL) [90121-199]
2019-04-26 14:01:09.534  INFO 89248 --- [Thread-13] com.zaxxer.hikari.HikariDataSource       : HikariPool-1 - Shutdown initiated...
2019-04-26 14:01:09.540  INFO 89248 --- [Thread-13] com.zaxxer.hikari.HikariDataSource       : HikariPool-1 - Shutdown completed.
2019-04-26 14:01:18.472  INFO 89251 --- [restartedMain] c.d.s.ServiceMesh1Application            : Starting ServiceMesh1Application on bogon with PID 89251 (/Users/xugao/Projects/IdeaProjects/service-mesh1/out/production/classes started by xugao in /Users/xugao/Projects/IdeaProjects/service-mesh1)
2019-04-26 14:01:18.482  INFO 89251 --- [restartedMain] c.d.s.ServiceMesh1Application            : No active profile set, falling back to default profiles: default
2019-04-26 14:01:18.583  INFO 89251 --- [restartedMain] .e.DevToolsPropertyDefaultsPostProcessor : Devtools property defaults active! Set 'spring.devtools.add-properties' to 'false' to disable
2019-04-26 14:01:18.583  INFO 89251 --- [restartedMain] .e.DevToolsPropertyDefaultsPostProcessor : For additional web related logging consider setting the 'logging.level.web' property to 'DEBUG'
2019-04-26 14:01:21.445  INFO 89251 --- [restartedMain] .s.d.r.c.RepositoryConfigurationDelegate : Bootstrapping Spring Data repositories in DEFAULT mode.
2019-04-26 14:01:21.486  INFO 89251 --- [restartedMain] .s.d.r.c.RepositoryConfigurationDelegate : Finished Spring Data repository scanning in 28ms. Found 0 repository interfaces.
2019-04-26 14:01:22.759  INFO 89251 --- [restartedMain] trationDelegate$BeanPostProcessorChecker : Bean 'org.springframework.transaction.annotation.ProxyTransactionManagementConfiguration' of type [org.springframework.transaction.annotation.ProxyTransactionManagementConfiguration$$EnhancerBySpringCGLIB$$29c7972c] is not eligible for getting processed by all BeanPostProcessors (for example: not eligible for auto-proxying)
2019-04-26 14:01:23.857  INFO 89251 --- [restartedMain] o.s.b.w.embedded.tomcat.TomcatWebServer  : Tomcat initialized with port(s): 8080 (http)
2019-04-26 14:01:23.893  INFO 89251 --- [restartedMain] o.apache.catalina.core.StandardService   : Starting service [Tomcat]
2019-04-26 14:01:23.893  INFO 89251 --- [restartedMain] org.apache.catalina.core.StandardEngine  : Starting Servlet engine: [Apache Tomcat/9.0.17]
2019-04-26 14:01:24.032  INFO 89251 --- [restartedMain] o.a.c.c.C.[.[.[/service-mesh1]           : Initializing Spring embedded WebApplicationContext
2019-04-26 14:01:24.032  INFO 89251 --- [restartedMain] o.s.web.context.ContextLoader            : Root WebApplicationContext: initialization completed in 5448 ms
2019-04-26 14:01:24.881  INFO 89251 --- [restartedMain] com.zaxxer.hikari.HikariDataSource       : HikariPool-1 - Starting...
2019-04-26 14:01:25.035  INFO 89251 --- [restartedMain] com.zaxxer.hikari.HikariDataSource       : HikariPool-1 - Start completed.
2019-04-26 14:01:25.136  INFO 89251 --- [restartedMain] o.hibernate.jpa.internal.util.LogHelper  : HHH000204: Processing PersistenceUnitInfo [
	name: default
	...]
2019-04-26 14:01:25.234  INFO 89251 --- [restartedMain] org.hibernate.Version                    : HHH000412: Hibernate Core {5.3.9.Final}
2019-04-26 14:01:25.237  INFO 89251 --- [restartedMain] org.hibernate.cfg.Environment            : HHH000206: hibernate.properties not found
2019-04-26 14:01:25.459  INFO 89251 --- [restartedMain] o.hibernate.annotations.common.Version   : HCANN000001: Hibernate Commons Annotations {5.0.4.Final}
2019-04-26 14:01:25.645  INFO 89251 --- [restartedMain] org.hibernate.dialect.Dialect            : HHH000400: Using dialect: org.hibernate.dialect.H2Dialect
2019-04-26 14:01:25.916  INFO 89251 --- [restartedMain] o.h.t.schema.internal.SchemaCreatorImpl  : HHH000476: Executing import script 'org.hibernate.tool.schema.internal.exec.ScriptSourceInputNonExistentImpl@d35de514'
2019-04-26 14:01:25.920  INFO 89251 --- [restartedMain] j.LocalContainerEntityManagerFactoryBean : Initialized JPA EntityManagerFactory for persistence unit 'default'
2019-04-26 14:01:26.014  INFO 89251 --- [restartedMain] o.s.b.d.a.OptionalLiveReloadServer       : LiveReload server is running on port 35729
2019-04-26 14:01:26.582  INFO 89251 --- [restartedMain] o.s.s.concurrent.ThreadPoolTaskExecutor  : Initializing ExecutorService 'applicationTaskExecutor'
2019-04-26 14:01:26.656  WARN 89251 --- [restartedMain] aWebConfiguration$JpaWebMvcConfiguration : spring.jpa.open-in-view is enabled by default. Therefore, database queries may be performed during view rendering. Explicitly configure spring.jpa.open-in-view to disable this warning
2019-04-26 14:01:27.356  INFO 89251 --- [restartedMain] o.s.b.a.e.web.EndpointLinksResolver      : Exposing 2 endpoint(s) beneath base path '/actuator'
2019-04-26 14:01:27.506  INFO 89251 --- [restartedMain] o.s.b.w.embedded.tomcat.TomcatWebServer  : Tomcat started on port(s): 8080 (http) with context path '/service-mesh1'
2019-04-26 14:01:27.512  INFO 89251 --- [restartedMain] c.d.s.ServiceMesh1Application            : Started ServiceMesh1Application in 9.916 seconds (JVM running for 11.687)
2019-04-26 14:01:31.528  INFO 89251 --- [http-nio-8080-exec-1] o.a.c.c.C.[.[.[/service-mesh1]           : Initializing Spring DispatcherServlet 'dispatcherServlet'
2019-04-26 14:01:31.529  INFO 89251 --- [http-nio-8080-exec-1] o.s.web.servlet.DispatcherServlet        : Initializing Servlet 'dispatcherServlet'
2019-04-26 14:01:31.561  INFO 89251 --- [http-nio-8080-exec-1] o.s.web.servlet.DispatcherServlet        : Completed initialization in 31 ms
2019-04-26 14:01:31.691  INFO 89251 --- [http-nio-8080-exec-1] com.demo.servicemesh1.aop.WebLogAspect   : ========================================== Start ==========================================
2019-04-26 14:01:31.691  INFO 89251 --- [http-nio-8080-exec-1] com.demo.servicemesh1.aop.WebLogAspect   : URL            : http://localhost:8080/service-mesh1/
2019-04-26 14:01:31.691  INFO 89251 --- [http-nio-8080-exec-1] com.demo.servicemesh1.aop.WebLogAspect   : HTTP Method    : GET
2019-04-26 14:01:31.694  INFO 89251 --- [http-nio-8080-exec-1] com.demo.servicemesh1.aop.WebLogAspect   : Class Method   : com.demo.servicemesh1.controller.Index.index
2019-04-26 14:01:31.694  INFO 89251 --- [http-nio-8080-exec-1] com.demo.servicemesh1.aop.WebLogAspect   : IP             : 0:0:0:0:0:0:0:1
2019-04-26 14:01:31.699  INFO 89251 --- [http-nio-8080-exec-1] com.demo.servicemesh1.aop.WebLogAspect   : Request Args   : []
2019-04-26 14:01:32.129  INFO 89251 --- [http-nio-8080-exec-1] com.demo.servicemesh1.aop.WebLogAspect   : =========================================== End ===========================================
2019-04-26 14:01:32.130  INFO 89251 --- [http-nio-8080-exec-1] com.demo.servicemesh1.aop.WebLogAspect   : 
2019-04-26 14:01:32.145 ERROR 89251 --- [http-nio-8080-exec-1] c.d.s.config.GlobalExceptionHandler      : Missing either @GET URL or @Url parameter.
    for method ServiceMesh2Api.getIndex

java.lang.IllegalArgumentException: Missing either @GET URL or @Url parameter.
    for method ServiceMesh2Api.getIndex
	at retrofit2.Utils.methodError(Utils.java:52) ~[retrofit-2.5.0.jar:na]
	at retrofit2.Utils.methodError(Utils.java:42) ~[retrofit-2.5.0.jar:na]
	at retrofit2.RequestFactory$Builder.build(RequestFactory.java:186) ~[retrofit-2.5.0.jar:na]
	at retrofit2.RequestFactory.parseAnnotations(RequestFactory.java:65) ~[retrofit-2.5.0.jar:na]
	at retrofit2.ServiceMethod.parseAnnotations(ServiceMethod.java:25) ~[retrofit-2.5.0.jar:na]
	at retrofit2.Retrofit.loadServiceMethod(Retrofit.java:168) ~[retrofit-2.5.0.jar:na]
	at retrofit2.Retrofit$1.invoke(Retrofit.java:147) ~[retrofit-2.5.0.jar:na]
	at com.sun.proxy.$Proxy125.getIndex(Unknown Source) ~[na:na]
	at com.demo.servicemesh1.controller.Index.index(Index.java:35) ~[classes/:na]
	at com.demo.servicemesh1.controller.Index$$FastClassBySpringCGLIB$$7949e661.invoke(<generated>) ~[classes/:na]
	at org.springframework.cglib.proxy.MethodProxy.invoke(MethodProxy.java:218) ~[spring-core-5.1.6.RELEASE.jar:5.1.6.RELEASE]
	at org.springframework.aop.framework.CglibAopProxy$CglibMethodInvocation.invokeJoinpoint(CglibAopProxy.java:749) ~[spring-aop-5.1.6.RELEASE.jar:5.1.6.RELEASE]
	at org.springframework.aop.framework.ReflectiveMethodInvocation.proceed(ReflectiveMethodInvocation.java:163) ~[spring-aop-5.1.6.RELEASE.jar:5.1.6.RELEASE]
	at org.springframework.aop.framework.adapter.MethodBeforeAdviceInterceptor.invoke(MethodBeforeAdviceInterceptor.java:56) ~[spring-aop-5.1.6.RELEASE.jar:5.1.6.RELEASE]
	at org.springframework.aop.framework.ReflectiveMethodInvocation.proceed(ReflectiveMethodInvocation.java:175) ~[spring-aop-5.1.6.RELEASE.jar:5.1.6.RELEASE]
	at org.springframework.aop.aspectj.MethodInvocationProceedingJoinPoint.proceed(MethodInvocationProceedingJoinPoint.java:88) ~[spring-aop-5.1.6.RELEASE.jar:5.1.6.RELEASE]
	at com.demo.servicemesh1.aop.WebLogAspect.doAround(WebLogAspect.java:84) ~[classes/:na]
	at java.base/jdk.internal.reflect.NativeMethodAccessorImpl.invoke0(Native Method) ~[na:na]
	at java.base/jdk.internal.reflect.NativeMethodAccessorImpl.invoke(NativeMethodAccessorImpl.java:62) ~[na:na]
	at java.base/jdk.internal.reflect.DelegatingMethodAccessorImpl.invoke(DelegatingMethodAccessorImpl.java:43) ~[na:na]
	at java.base/java.lang.reflect.Method.invoke(Method.java:566) ~[na:na]
	at org.springframework.aop.aspectj.AbstractAspectJAdvice.invokeAdviceMethodWithGivenArgs(AbstractAspectJAdvice.java:644) ~[spring-aop-5.1.6.RELEASE.jar:5.1.6.RELEASE]
	at org.springframework.aop.aspectj.AbstractAspectJAdvice.invokeAdviceMethod(AbstractAspectJAdvice.java:633) ~[spring-aop-5.1.6.RELEASE.jar:5.1.6.RELEASE]
	at org.springframework.aop.aspectj.AspectJAroundAdvice.invoke(AspectJAroundAdvice.java:70) ~[spring-aop-5.1.6.RELEASE.jar:5.1.6.RELEASE]
	at org.springframework.aop.framework.ReflectiveMethodInvocation.proceed(ReflectiveMethodInvocation.java:175) ~[spring-aop-5.1.6.RELEASE.jar:5.1.6.RELEASE]
	at org.springframework.aop.aspectj.AspectJAfterAdvice.invoke(AspectJAfterAdvice.java:47) ~[spring-aop-5.1.6.RELEASE.jar:5.1.6.RELEASE]
	at org.springframework.aop.framework.ReflectiveMethodInvocation.proceed(ReflectiveMethodInvocation.java:175) ~[spring-aop-5.1.6.RELEASE.jar:5.1.6.RELEASE]
	at org.springframework.aop.interceptor.ExposeInvocationInterceptor.invoke(ExposeInvocationInterceptor.java:93) ~[spring-aop-5.1.6.RELEASE.jar:5.1.6.RELEASE]
	at org.springframework.aop.framework.ReflectiveMethodInvocation.proceed(ReflectiveMethodInvocation.java:186) ~[spring-aop-5.1.6.RELEASE.jar:5.1.6.RELEASE]
	at org.springframework.aop.framework.CglibAopProxy$DynamicAdvisedInterceptor.intercept(CglibAopProxy.java:688) ~[spring-aop-5.1.6.RELEASE.jar:5.1.6.RELEASE]
	at com.demo.servicemesh1.controller.Index$$EnhancerBySpringCGLIB$$5e269178.index(<generated>) ~[classes/:na]
	at java.base/jdk.internal.reflect.NativeMethodAccessorImpl.invoke0(Native Method) ~[na:na]
	at java.base/jdk.internal.reflect.NativeMethodAccessorImpl.invoke(NativeMethodAccessorImpl.java:62) ~[na:na]
	at java.base/jdk.internal.reflect.DelegatingMethodAccessorImpl.invoke(DelegatingMethodAccessorImpl.java:43) ~[na:na]
	at java.base/java.lang.reflect.Method.invoke(Method.java:566) ~[na:na]
	at org.springframework.web.method.support.InvocableHandlerMethod.doInvoke(InvocableHandlerMethod.java:189) ~[spring-web-5.1.6.RELEASE.jar:5.1.6.RELEASE]
	at org.springframework.web.method.support.InvocableHandlerMethod.invokeForRequest(InvocableHandlerMethod.java:138) ~[spring-web-5.1.6.RELEASE.jar:5.1.6.RELEASE]
	at org.springframework.web.servlet.mvc.method.annotation.ServletInvocableHandlerMethod.invokeAndHandle(ServletInvocableHandlerMethod.java:102) ~[spring-webmvc-5.1.6.RELEASE.jar:5.1.6.RELEASE]
	at org.springframework.web.servlet.mvc.method.annotation.RequestMappingHandlerAdapter.invokeHandlerMethod(RequestMappingHandlerAdapter.java:892) ~[spring-webmvc-5.1.6.RELEASE.jar:5.1.6.RELEASE]
	at org.springframework.web.servlet.mvc.method.annotation.RequestMappingHandlerAdapter.handleInternal(RequestMappingHandlerAdapter.java:797) ~[spring-webmvc-5.1.6.RELEASE.jar:5.1.6.RELEASE]
	at org.springframework.web.servlet.mvc.method.AbstractHandlerMethodAdapter.handle(AbstractHandlerMethodAdapter.java:87) ~[spring-webmvc-5.1.6.RELEASE.jar:5.1.6.RELEASE]
	at org.springframework.web.servlet.DispatcherServlet.doDispatch(DispatcherServlet.java:1038) ~[spring-webmvc-5.1.6.RELEASE.jar:5.1.6.RELEASE]
	at org.springframework.web.servlet.DispatcherServlet.doService(DispatcherServlet.java:942) ~[spring-webmvc-5.1.6.RELEASE.jar:5.1.6.RELEASE]
	at org.springframework.web.servlet.FrameworkServlet.processRequest(FrameworkServlet.java:1005) ~[spring-webmvc-5.1.6.RELEASE.jar:5.1.6.RELEASE]
	at org.springframework.web.servlet.FrameworkServlet.doGet(FrameworkServlet.java:897) ~[spring-webmvc-5.1.6.RELEASE.jar:5.1.6.RELEASE]
	at javax.servlet.http.HttpServlet.service(HttpServlet.java:634) ~[tomcat-embed-core-9.0.17.jar:9.0.17]
	at org.springframework.web.servlet.FrameworkServlet.service(FrameworkServlet.java:882) ~[spring-webmvc-5.1.6.RELEASE.jar:5.1.6.RELEASE]
	at javax.servlet.http.HttpServlet.service(HttpServlet.java:741) ~[tomcat-embed-core-9.0.17.jar:9.0.17]
	at org.apache.catalina.core.ApplicationFilterChain.internalDoFilter(ApplicationFilterChain.java:231) ~[tomcat-embed-core-9.0.17.jar:9.0.17]
	at org.apache.catalina.core.ApplicationFilterChain.doFilter(ApplicationFilterChain.java:166) ~[tomcat-embed-core-9.0.17.jar:9.0.17]
	at org.apache.tomcat.websocket.server.WsFilter.doFilter(WsFilter.java:53) ~[tomcat-embed-websocket-9.0.17.jar:9.0.17]
	at org.apache.catalina.core.ApplicationFilterChain.internalDoFilter(ApplicationFilterChain.java:193) ~[tomcat-embed-core-9.0.17.jar:9.0.17]
	at org.apache.catalina.core.ApplicationFilterChain.doFilter(ApplicationFilterChain.java:166) ~[tomcat-embed-core-9.0.17.jar:9.0.17]
	at org.springframework.boot.actuate.web.trace.servlet.HttpTraceFilter.doFilterInternal(HttpTraceFilter.java:90) ~[spring-boot-actuator-2.1.4.RELEASE.jar:2.1.4.RELEASE]
	at org.springframework.web.filter.OncePerRequestFilter.doFilter(OncePerRequestFilter.java:107) ~[spring-web-5.1.6.RELEASE.jar:5.1.6.RELEASE]
	at org.apache.catalina.core.ApplicationFilterChain.internalDoFilter(ApplicationFilterChain.java:193) ~[tomcat-embed-core-9.0.17.jar:9.0.17]
	at org.apache.catalina.core.ApplicationFilterChain.doFilter(ApplicationFilterChain.java:166) ~[tomcat-embed-core-9.0.17.jar:9.0.17]
	at org.springframework.web.filter.RequestContextFilter.doFilterInternal(RequestContextFilter.java:99) ~[spring-web-5.1.6.RELEASE.jar:5.1.6.RELEASE]
	at org.springframework.web.filter.OncePerRequestFilter.doFilter(OncePerRequestFilter.java:107) ~[spring-web-5.1.6.RELEASE.jar:5.1.6.RELEASE]
	at org.apache.catalina.core.ApplicationFilterChain.internalDoFilter(ApplicationFilterChain.java:193) ~[tomcat-embed-core-9.0.17.jar:9.0.17]
	at org.apache.catalina.core.ApplicationFilterChain.doFilter(ApplicationFilterChain.java:166) ~[tomcat-embed-core-9.0.17.jar:9.0.17]
	at org.springframework.web.filter.FormContentFilter.doFilterInternal(FormContentFilter.java:92) ~[spring-web-5.1.6.RELEASE.jar:5.1.6.RELEASE]
	at org.springframework.web.filter.OncePerRequestFilter.doFilter(OncePerRequestFilter.java:107) ~[spring-web-5.1.6.RELEASE.jar:5.1.6.RELEASE]
	at org.apache.catalina.core.ApplicationFilterChain.internalDoFilter(ApplicationFilterChain.java:193) ~[tomcat-embed-core-9.0.17.jar:9.0.17]
	at org.apache.catalina.core.ApplicationFilterChain.doFilter(ApplicationFilterChain.java:166) ~[tomcat-embed-core-9.0.17.jar:9.0.17]
	at org.springframework.web.filter.HiddenHttpMethodFilter.doFilterInternal(HiddenHttpMethodFilter.java:93) ~[spring-web-5.1.6.RELEASE.jar:5.1.6.RELEASE]
	at org.springframework.web.filter.OncePerRequestFilter.doFilter(OncePerRequestFilter.java:107) ~[spring-web-5.1.6.RELEASE.jar:5.1.6.RELEASE]
	at org.apache.catalina.core.ApplicationFilterChain.internalDoFilter(ApplicationFilterChain.java:193) ~[tomcat-embed-core-9.0.17.jar:9.0.17]
	at org.apache.catalina.core.ApplicationFilterChain.doFilter(ApplicationFilterChain.java:166) ~[tomcat-embed-core-9.0.17.jar:9.0.17]
	at org.springframework.boot.actuate.metrics.web.servlet.WebMvcMetricsFilter.filterAndRecordMetrics(WebMvcMetricsFilter.java:117) ~[spring-boot-actuator-2.1.4.RELEASE.jar:2.1.4.RELEASE]
	at org.springframework.boot.actuate.metrics.web.servlet.WebMvcMetricsFilter.doFilterInternal(WebMvcMetricsFilter.java:106) ~[spring-boot-actuator-2.1.4.RELEASE.jar:2.1.4.RELEASE]
	at org.springframework.web.filter.OncePerRequestFilter.doFilter(OncePerRequestFilter.java:107) ~[spring-web-5.1.6.RELEASE.jar:5.1.6.RELEASE]
	at org.apache.catalina.core.ApplicationFilterChain.internalDoFilter(ApplicationFilterChain.java:193) ~[tomcat-embed-core-9.0.17.jar:9.0.17]
	at org.apache.catalina.core.ApplicationFilterChain.doFilter(ApplicationFilterChain.java:166) ~[tomcat-embed-core-9.0.17.jar:9.0.17]
	at org.springframework.web.filter.CharacterEncodingFilter.doFilterInternal(CharacterEncodingFilter.java:200) ~[spring-web-5.1.6.RELEASE.jar:5.1.6.RELEASE]
	at org.springframework.web.filter.OncePerRequestFilter.doFilter(OncePerRequestFilter.java:107) ~[spring-web-5.1.6.RELEASE.jar:5.1.6.RELEASE]
	at org.apache.catalina.core.ApplicationFilterChain.internalDoFilter(ApplicationFilterChain.java:193) ~[tomcat-embed-core-9.0.17.jar:9.0.17]
	at org.apache.catalina.core.ApplicationFilterChain.doFilter(ApplicationFilterChain.java:166) ~[tomcat-embed-core-9.0.17.jar:9.0.17]
	at org.apache.catalina.core.StandardWrapperValve.invoke(StandardWrapperValve.java:200) ~[tomcat-embed-core-9.0.17.jar:9.0.17]
	at org.apache.catalina.core.StandardContextValve.invoke(StandardContextValve.java:96) ~[tomcat-embed-core-9.0.17.jar:9.0.17]
	at org.apache.catalina.authenticator.AuthenticatorBase.invoke(AuthenticatorBase.java:490) ~[tomcat-embed-core-9.0.17.jar:9.0.17]
	at org.apache.catalina.core.StandardHostValve.invoke(StandardHostValve.java:139) ~[tomcat-embed-core-9.0.17.jar:9.0.17]
	at org.apache.catalina.valves.ErrorReportValve.invoke(ErrorReportValve.java:92) ~[tomcat-embed-core-9.0.17.jar:9.0.17]
	at org.apache.catalina.core.StandardEngineValve.invoke(StandardEngineValve.java:74) ~[tomcat-embed-core-9.0.17.jar:9.0.17]
	at org.apache.catalina.connector.CoyoteAdapter.service(CoyoteAdapter.java:343) ~[tomcat-embed-core-9.0.17.jar:9.0.17]
	at org.apache.coyote.http11.Http11Processor.service(Http11Processor.java:408) ~[tomcat-embed-core-9.0.17.jar:9.0.17]
	at org.apache.coyote.AbstractProcessorLight.process(AbstractProcessorLight.java:66) ~[tomcat-embed-core-9.0.17.jar:9.0.17]
	at org.apache.coyote.AbstractProtocol$ConnectionHandler.process(AbstractProtocol.java:834) ~[tomcat-embed-core-9.0.17.jar:9.0.17]
	at org.apache.tomcat.util.net.NioEndpoint$SocketProcessor.doRun(NioEndpoint.java:1415) ~[tomcat-embed-core-9.0.17.jar:9.0.17]
	at org.apache.tomcat.util.net.SocketProcessorBase.run(SocketProcessorBase.java:49) ~[tomcat-embed-core-9.0.17.jar:9.0.17]
	at java.base/java.util.concurrent.ThreadPoolExecutor.runWorker(ThreadPoolExecutor.java:1128) ~[na:na]
	at java.base/java.util.concurrent.ThreadPoolExecutor$Worker.run(ThreadPoolExecutor.java:628) ~[na:na]
	at org.apache.tomcat.util.threads.TaskThread$WrappingRunnable.run(TaskThread.java:61) ~[tomcat-embed-core-9.0.17.jar:9.0.17]
	at java.base/java.lang.Thread.run(Thread.java:825) ~[na:na]

2019-04-26 14:01:32.250  WARN 89251 --- [http-nio-8080-exec-1] .m.m.a.ExceptionHandlerExceptionResolver : Resolved [java.lang.IllegalArgumentException: Missing either @GET URL or @Url parameter.
    for method ServiceMesh2Api.getIndex]
2019-04-26 14:01:38.468  INFO 89251 --- [Thread-13] o.s.s.concurrent.ThreadPoolTaskExecutor  : Shutting down ExecutorService 'applicationTaskExecutor'
2019-04-26 14:01:38.471  INFO 89251 --- [Thread-13] j.LocalContainerEntityManagerFactoryBean : Closing JPA EntityManagerFactory for persistence unit 'default'
2019-04-26 14:01:38.472  INFO 89251 --- [Thread-13] .SchemaDropperImpl$DelayedDropActionImpl : HHH000477: Starting delayed evictData of schema as part of SessionFactory shut-down'
2019-04-26 14:01:38.487  INFO 89251 --- [Thread-13] o.s.b.f.support.DisposableBeanAdapter    : Invocation of destroy method failed on bean with name 'inMemoryDatabaseShutdownExecutor': org.h2.jdbc.JdbcSQLNonTransientConnectionException: Database is already closed (to disable automatic closing at VM shutdown, add ";DB_CLOSE_ON_EXIT=FALSE" to the db URL) [90121-199]
2019-04-26 14:01:38.489  INFO 89251 --- [Thread-13] com.zaxxer.hikari.HikariDataSource       : HikariPool-1 - Shutdown initiated...
2019-04-26 14:01:38.492  INFO 89251 --- [Thread-13] com.zaxxer.hikari.HikariDataSource       : HikariPool-1 - Shutdown completed.
2019-04-26 14:01:47.442  INFO 89257 --- [restartedMain] c.d.s.ServiceMesh1Application            : Starting ServiceMesh1Application on bogon with PID 89257 (/Users/xugao/Projects/IdeaProjects/service-mesh1/out/production/classes started by xugao in /Users/xugao/Projects/IdeaProjects/service-mesh1)
2019-04-26 14:01:47.448  INFO 89257 --- [restartedMain] c.d.s.ServiceMesh1Application            : No active profile set, falling back to default profiles: default
2019-04-26 14:01:47.580  INFO 89257 --- [restartedMain] .e.DevToolsPropertyDefaultsPostProcessor : Devtools property defaults active! Set 'spring.devtools.add-properties' to 'false' to disable
2019-04-26 14:01:47.581  INFO 89257 --- [restartedMain] .e.DevToolsPropertyDefaultsPostProcessor : For additional web related logging consider setting the 'logging.level.web' property to 'DEBUG'
2019-04-26 14:01:49.423  INFO 89257 --- [restartedMain] .s.d.r.c.RepositoryConfigurationDelegate : Bootstrapping Spring Data repositories in DEFAULT mode.
2019-04-26 14:01:49.459  INFO 89257 --- [restartedMain] .s.d.r.c.RepositoryConfigurationDelegate : Finished Spring Data repository scanning in 23ms. Found 0 repository interfaces.
2019-04-26 14:01:50.449  INFO 89257 --- [restartedMain] trationDelegate$BeanPostProcessorChecker : Bean 'org.springframework.transaction.annotation.ProxyTransactionManagementConfiguration' of type [org.springframework.transaction.annotation.ProxyTransactionManagementConfiguration$$EnhancerBySpringCGLIB$$646c17dc] is not eligible for getting processed by all BeanPostProcessors (for example: not eligible for auto-proxying)
2019-04-26 14:01:51.700  INFO 89257 --- [restartedMain] o.s.b.w.embedded.tomcat.TomcatWebServer  : Tomcat initialized with port(s): 8080 (http)
2019-04-26 14:01:51.759  INFO 89257 --- [restartedMain] o.apache.catalina.core.StandardService   : Starting service [Tomcat]
2019-04-26 14:01:51.760  INFO 89257 --- [restartedMain] org.apache.catalina.core.StandardEngine  : Starting Servlet engine: [Apache Tomcat/9.0.17]
2019-04-26 14:01:51.963  INFO 89257 --- [restartedMain] o.a.c.c.C.[.[.[/service-mesh1]           : Initializing Spring embedded WebApplicationContext
2019-04-26 14:01:51.963  INFO 89257 --- [restartedMain] o.s.web.context.ContextLoader            : Root WebApplicationContext: initialization completed in 4382 ms
2019-04-26 14:01:52.932  INFO 89257 --- [restartedMain] com.zaxxer.hikari.HikariDataSource       : HikariPool-1 - Starting...
2019-04-26 14:01:53.076  INFO 89257 --- [restartedMain] com.zaxxer.hikari.HikariDataSource       : HikariPool-1 - Start completed.
2019-04-26 14:01:53.172  INFO 89257 --- [restartedMain] o.hibernate.jpa.internal.util.LogHelper  : HHH000204: Processing PersistenceUnitInfo [
	name: default
	...]
2019-04-26 14:01:53.266  INFO 89257 --- [restartedMain] org.hibernate.Version                    : HHH000412: Hibernate Core {5.3.9.Final}
2019-04-26 14:01:53.269  INFO 89257 --- [restartedMain] org.hibernate.cfg.Environment            : HHH000206: hibernate.properties not found
2019-04-26 14:01:53.491  INFO 89257 --- [restartedMain] o.hibernate.annotations.common.Version   : HCANN000001: Hibernate Commons Annotations {5.0.4.Final}
2019-04-26 14:01:53.711  INFO 89257 --- [restartedMain] org.hibernate.dialect.Dialect            : HHH000400: Using dialect: org.hibernate.dialect.H2Dialect
2019-04-26 14:01:53.985  INFO 89257 --- [restartedMain] o.h.t.schema.internal.SchemaCreatorImpl  : HHH000476: Executing import script 'org.hibernate.tool.schema.internal.exec.ScriptSourceInputNonExistentImpl@7f9e859'
2019-04-26 14:01:53.989  INFO 89257 --- [restartedMain] j.LocalContainerEntityManagerFactoryBean : Initialized JPA EntityManagerFactory for persistence unit 'default'
2019-04-26 14:01:54.081  INFO 89257 --- [restartedMain] o.s.b.d.a.OptionalLiveReloadServer       : LiveReload server is running on port 35729
2019-04-26 14:01:54.715  INFO 89257 --- [restartedMain] o.s.s.concurrent.ThreadPoolTaskExecutor  : Initializing ExecutorService 'applicationTaskExecutor'
2019-04-26 14:01:54.788  WARN 89257 --- [restartedMain] aWebConfiguration$JpaWebMvcConfiguration : spring.jpa.open-in-view is enabled by default. Therefore, database queries may be performed during view rendering. Explicitly configure spring.jpa.open-in-view to disable this warning
2019-04-26 14:01:55.494  INFO 89257 --- [restartedMain] o.s.b.a.e.web.EndpointLinksResolver      : Exposing 2 endpoint(s) beneath base path '/actuator'
2019-04-26 14:01:55.680  INFO 89257 --- [restartedMain] o.s.b.w.embedded.tomcat.TomcatWebServer  : Tomcat started on port(s): 8080 (http) with context path '/service-mesh1'
2019-04-26 14:01:55.685  INFO 89257 --- [restartedMain] c.d.s.ServiceMesh1Application            : Started ServiceMesh1Application in 9.228 seconds (JVM running for 10.978)
2019-04-26 14:02:15.959  INFO 89257 --- [http-nio-8080-exec-1] o.a.c.c.C.[.[.[/service-mesh1]           : Initializing Spring DispatcherServlet 'dispatcherServlet'
2019-04-26 14:02:15.960  INFO 89257 --- [http-nio-8080-exec-1] o.s.web.servlet.DispatcherServlet        : Initializing Servlet 'dispatcherServlet'
2019-04-26 14:02:15.978  INFO 89257 --- [http-nio-8080-exec-1] o.s.web.servlet.DispatcherServlet        : Completed initialization in 17 ms
2019-04-26 14:02:16.130  INFO 89257 --- [http-nio-8080-exec-1] com.demo.servicemesh1.aop.WebLogAspect   : ========================================== Start ==========================================
2019-04-26 14:02:16.131  INFO 89257 --- [http-nio-8080-exec-1] com.demo.servicemesh1.aop.WebLogAspect   : URL            : http://localhost:8080/service-mesh1/
2019-04-26 14:02:16.131  INFO 89257 --- [http-nio-8080-exec-1] com.demo.servicemesh1.aop.WebLogAspect   : HTTP Method    : GET
2019-04-26 14:02:16.134  INFO 89257 --- [http-nio-8080-exec-1] com.demo.servicemesh1.aop.WebLogAspect   : Class Method   : com.demo.servicemesh1.controller.Index.index
2019-04-26 14:02:16.134  INFO 89257 --- [http-nio-8080-exec-1] com.demo.servicemesh1.aop.WebLogAspect   : IP             : 0:0:0:0:0:0:0:1
2019-04-26 14:02:16.139  INFO 89257 --- [http-nio-8080-exec-1] com.demo.servicemesh1.aop.WebLogAspect   : Request Args   : []
2019-04-26 14:02:16.580  INFO 89257 --- [http-nio-8080-exec-1] okhttp3.OkHttpClient                     : --> GET http://service-mesh2:8081/
2019-04-26 14:02:16.580  INFO 89257 --- [http-nio-8080-exec-1] okhttp3.OkHttpClient                     : --> END GET
2019-04-26 14:02:16.588  INFO 89257 --- [http-nio-8080-exec-1] okhttp3.OkHttpClient                     : <-- HTTP FAILED: java.net.UnknownHostException: service-mesh2: nodename nor servname provided, or not known
2019-04-26 14:02:16.599  INFO 89257 --- [http-nio-8080-exec-1] com.demo.servicemesh1.aop.WebLogAspect   : Response Args  : {"result":"service-mesh1","status":200,"timestamp":1556258536594}
2019-04-26 14:02:16.600  INFO 89257 --- [http-nio-8080-exec-1] com.demo.servicemesh1.aop.WebLogAspect   : Time-Consuming : 470 ms
2019-04-26 14:02:16.600  INFO 89257 --- [http-nio-8080-exec-1] com.demo.servicemesh1.aop.WebLogAspect   : =========================================== End ===========================================
2019-04-26 14:02:16.600  INFO 89257 --- [http-nio-8080-exec-1] com.demo.servicemesh1.aop.WebLogAspect   : 
2019-04-26 14:02:44.751  INFO 89257 --- [Thread-13] o.s.s.concurrent.ThreadPoolTaskExecutor  : Shutting down ExecutorService 'applicationTaskExecutor'
2019-04-26 14:02:44.754  INFO 89257 --- [Thread-13] j.LocalContainerEntityManagerFactoryBean : Closing JPA EntityManagerFactory for persistence unit 'default'
2019-04-26 14:02:44.755  INFO 89257 --- [Thread-13] .SchemaDropperImpl$DelayedDropActionImpl : HHH000477: Starting delayed evictData of schema as part of SessionFactory shut-down'
2019-04-26 14:02:44.773  INFO 89257 --- [Thread-13] o.s.b.f.support.DisposableBeanAdapter    : Invocation of destroy method failed on bean with name 'inMemoryDatabaseShutdownExecutor': org.h2.jdbc.JdbcSQLNonTransientConnectionException: Database is already closed (to disable automatic closing at VM shutdown, add ";DB_CLOSE_ON_EXIT=FALSE" to the db URL) [90121-199]
2019-04-26 14:02:44.774  INFO 89257 --- [Thread-13] com.zaxxer.hikari.HikariDataSource       : HikariPool-1 - Shutdown initiated...
2019-04-26 14:02:44.777  INFO 89257 --- [Thread-13] com.zaxxer.hikari.HikariDataSource       : HikariPool-1 - Shutdown completed.
2019-04-26 14:02:53.781  INFO 89262 --- [restartedMain] c.d.s.ServiceMesh1Application            : Starting ServiceMesh1Application on bogon with PID 89262 (/Users/xugao/Projects/IdeaProjects/service-mesh1/out/production/classes started by xugao in /Users/xugao/Projects/IdeaProjects/service-mesh1)
2019-04-26 14:02:53.787  INFO 89262 --- [restartedMain] c.d.s.ServiceMesh1Application            : No active profile set, falling back to default profiles: default
2019-04-26 14:02:53.879  INFO 89262 --- [restartedMain] .e.DevToolsPropertyDefaultsPostProcessor : Devtools property defaults active! Set 'spring.devtools.add-properties' to 'false' to disable
2019-04-26 14:02:53.879  INFO 89262 --- [restartedMain] .e.DevToolsPropertyDefaultsPostProcessor : For additional web related logging consider setting the 'logging.level.web' property to 'DEBUG'
2019-04-26 14:02:55.744  INFO 89262 --- [restartedMain] .s.d.r.c.RepositoryConfigurationDelegate : Bootstrapping Spring Data repositories in DEFAULT mode.
2019-04-26 14:02:55.775  INFO 89262 --- [restartedMain] .s.d.r.c.RepositoryConfigurationDelegate : Finished Spring Data repository scanning in 22ms. Found 0 repository interfaces.
2019-04-26 14:02:56.721  INFO 89262 --- [restartedMain] trationDelegate$BeanPostProcessorChecker : Bean 'org.springframework.transaction.annotation.ProxyTransactionManagementConfiguration' of type [org.springframework.transaction.annotation.ProxyTransactionManagementConfiguration$$EnhancerBySpringCGLIB$$90bbdec9] is not eligible for getting processed by all BeanPostProcessors (for example: not eligible for auto-proxying)
2019-04-26 14:02:57.815  INFO 89262 --- [restartedMain] o.s.b.w.embedded.tomcat.TomcatWebServer  : Tomcat initialized with port(s): 8080 (http)
2019-04-26 14:02:57.853  INFO 89262 --- [restartedMain] o.apache.catalina.core.StandardService   : Starting service [Tomcat]
2019-04-26 14:02:57.853  INFO 89262 --- [restartedMain] org.apache.catalina.core.StandardEngine  : Starting Servlet engine: [Apache Tomcat/9.0.17]
2019-04-26 14:02:58.092  INFO 89262 --- [restartedMain] o.a.c.c.C.[.[.[/service-mesh1]           : Initializing Spring embedded WebApplicationContext
2019-04-26 14:02:58.094  INFO 89262 --- [restartedMain] o.s.web.context.ContextLoader            : Root WebApplicationContext: initialization completed in 4215 ms
2019-04-26 14:02:59.480  INFO 89262 --- [restartedMain] com.zaxxer.hikari.HikariDataSource       : HikariPool-1 - Starting...
2019-04-26 14:02:59.672  INFO 89262 --- [restartedMain] com.zaxxer.hikari.HikariDataSource       : HikariPool-1 - Start completed.
2019-04-26 14:02:59.782  INFO 89262 --- [restartedMain] o.hibernate.jpa.internal.util.LogHelper  : HHH000204: Processing PersistenceUnitInfo [
	name: default
	...]
2019-04-26 14:02:59.886  INFO 89262 --- [restartedMain] org.hibernate.Version                    : HHH000412: Hibernate Core {5.3.9.Final}
2019-04-26 14:02:59.888  INFO 89262 --- [restartedMain] org.hibernate.cfg.Environment            : HHH000206: hibernate.properties not found
2019-04-26 14:03:00.189  INFO 89262 --- [restartedMain] o.hibernate.annotations.common.Version   : HCANN000001: Hibernate Commons Annotations {5.0.4.Final}
2019-04-26 14:03:00.400  INFO 89262 --- [restartedMain] org.hibernate.dialect.Dialect            : HHH000400: Using dialect: org.hibernate.dialect.H2Dialect
2019-04-26 14:03:00.710  INFO 89262 --- [restartedMain] o.h.t.schema.internal.SchemaCreatorImpl  : HHH000476: Executing import script 'org.hibernate.tool.schema.internal.exec.ScriptSourceInputNonExistentImpl@accb1f05'
2019-04-26 14:03:00.713  INFO 89262 --- [restartedMain] j.LocalContainerEntityManagerFactoryBean : Initialized JPA EntityManagerFactory for persistence unit 'default'
2019-04-26 14:03:00.874  INFO 89262 --- [restartedMain] o.s.b.d.a.OptionalLiveReloadServer       : LiveReload server is running on port 35729
2019-04-26 14:03:01.588  INFO 89262 --- [restartedMain] o.s.s.concurrent.ThreadPoolTaskExecutor  : Initializing ExecutorService 'applicationTaskExecutor'
2019-04-26 14:03:01.692  WARN 89262 --- [restartedMain] aWebConfiguration$JpaWebMvcConfiguration : spring.jpa.open-in-view is enabled by default. Therefore, database queries may be performed during view rendering. Explicitly configure spring.jpa.open-in-view to disable this warning
2019-04-26 14:03:02.532  INFO 89262 --- [restartedMain] o.s.b.a.e.web.EndpointLinksResolver      : Exposing 2 endpoint(s) beneath base path '/actuator'
2019-04-26 14:03:02.708  INFO 89262 --- [restartedMain] o.s.b.w.embedded.tomcat.TomcatWebServer  : Tomcat started on port(s): 8080 (http) with context path '/service-mesh1'
2019-04-26 14:03:02.714  INFO 89262 --- [restartedMain] c.d.s.ServiceMesh1Application            : Started ServiceMesh1Application in 9.753 seconds (JVM running for 11.473)
2019-04-26 14:03:04.184  INFO 89262 --- [http-nio-8080-exec-1] o.a.c.c.C.[.[.[/service-mesh1]           : Initializing Spring DispatcherServlet 'dispatcherServlet'
2019-04-26 14:03:04.184  INFO 89262 --- [http-nio-8080-exec-1] o.s.web.servlet.DispatcherServlet        : Initializing Servlet 'dispatcherServlet'
2019-04-26 14:03:04.202  INFO 89262 --- [http-nio-8080-exec-1] o.s.web.servlet.DispatcherServlet        : Completed initialization in 18 ms
2019-04-26 14:03:04.341  INFO 89262 --- [http-nio-8080-exec-1] com.demo.servicemesh1.aop.WebLogAspect   : ========================================== Start ==========================================
2019-04-26 14:03:04.342  INFO 89262 --- [http-nio-8080-exec-1] com.demo.servicemesh1.aop.WebLogAspect   : URL            : http://localhost:8080/service-mesh1/
2019-04-26 14:03:04.342  INFO 89262 --- [http-nio-8080-exec-1] com.demo.servicemesh1.aop.WebLogAspect   : HTTP Method    : GET
2019-04-26 14:03:04.345  INFO 89262 --- [http-nio-8080-exec-1] com.demo.servicemesh1.aop.WebLogAspect   : Class Method   : com.demo.servicemesh1.controller.Index.index
2019-04-26 14:03:04.345  INFO 89262 --- [http-nio-8080-exec-1] com.demo.servicemesh1.aop.WebLogAspect   : IP             : 0:0:0:0:0:0:0:1
2019-04-26 14:03:04.349  INFO 89262 --- [http-nio-8080-exec-1] com.demo.servicemesh1.aop.WebLogAspect   : Request Args   : []
2019-04-26 14:03:04.738  INFO 89262 --- [http-nio-8080-exec-1] okhttp3.OkHttpClient                     : --> GET http://service-mesh2:8081/service-mesh2/
2019-04-26 14:03:04.738  INFO 89262 --- [http-nio-8080-exec-1] okhttp3.OkHttpClient                     : --> END GET
2019-04-26 14:03:04.762  INFO 89262 --- [http-nio-8080-exec-1] okhttp3.OkHttpClient                     : <-- HTTP FAILED: java.net.UnknownHostException: service-mesh2: nodename nor servname provided, or not known
2019-04-26 14:03:04.773  INFO 89262 --- [http-nio-8080-exec-1] com.demo.servicemesh1.aop.WebLogAspect   : Response Args  : {"result":"service-mesh1","status":200,"timestamp":1556258584768}
2019-04-26 14:03:04.773  INFO 89262 --- [http-nio-8080-exec-1] com.demo.servicemesh1.aop.WebLogAspect   : Time-Consuming : 432 ms
2019-04-26 14:03:04.773  INFO 89262 --- [http-nio-8080-exec-1] com.demo.servicemesh1.aop.WebLogAspect   : =========================================== End ===========================================
2019-04-26 14:03:04.773  INFO 89262 --- [http-nio-8080-exec-1] com.demo.servicemesh1.aop.WebLogAspect   : 
2019-04-26 14:51:11.970  WARN 89262 --- [HikariPool-1 housekeeper] com.zaxxer.hikari.pool.HikariPool        : HikariPool-1 - Thread starvation or clock leap detected (housekeeper delta=21m11s481ms).
2019-04-26 14:52:42.976  WARN 89262 --- [HikariPool-1 housekeeper] com.zaxxer.hikari.pool.HikariPool        : HikariPool-1 - Thread starvation or clock leap detected (housekeeper delta=1m648ms).
